[0.520s] Invoking command in '/home/allsparknouvaneonss/Desktop/del_launch_ws/build/c_launch': CMAKE_PREFIX_PATH=/opt/ros/humble /usr/bin/cmake --build /home/allsparknouvaneonss/Desktop/del_launch_ws/build/c_launch -- -j2 -l2
[1.498s] Invoked command in '/home/allsparknouvaneonss/Desktop/del_launch_ws/build/c_launch' returned '0': CMAKE_PREFIX_PATH=/opt/ros/humble /usr/bin/cmake --build /home/allsparknouvaneonss/Desktop/del_launch_ws/build/c_launch -- -j2 -l2
[1.590s] Invoking command in '/home/allsparknouvaneonss/Desktop/del_launch_ws/build/c_launch': CMAKE_PREFIX_PATH=/opt/ros/humble /usr/bin/cmake --install /home/allsparknouvaneonss/Desktop/del_launch_ws/build/c_launch
[1.636s] -- Install configuration: ""
[1.660s] -- Up-to-date: /home/allsparknouvaneonss/Desktop/del_launch_ws/install/c_launch/share/c_launch//launch
[1.665s] -- Up-to-date: /home/allsparknouvaneonss/Desktop/del_launch_ws/install/c_launch/share/c_launch//launch/my_yaml_scipt_launch.yaml
[1.665s] -- Up-to-date: /home/allsparknouvaneonss/Desktop/del_launch_ws/install/c_launch/share/c_launch//launch/my_C_scipt_launch.xml
[1.666s] -- Up-to-date: /home/allsparknouvaneonss/Desktop/del_launch_ws/install/c_launch/share/ament_index/resource_index/package_run_dependencies/c_launch
[1.675s] -- Up-to-date: /home/allsparknouvaneonss/Desktop/del_launch_ws/install/c_launch/share/ament_index/resource_index/parent_prefix_path/c_launch
[1.675s] -- Up-to-date: /home/allsparknouvaneonss/Desktop/del_launch_ws/install/c_launch/share/c_launch/environment/ament_prefix_path.sh
[1.675s] -- Up-to-date: /home/allsparknouvaneonss/Desktop/del_launch_ws/install/c_launch/share/c_launch/environment/ament_prefix_path.dsv
[1.676s] -- Up-to-date: /home/allsparknouvaneonss/Desktop/del_launch_ws/install/c_launch/share/c_launch/environment/path.sh
[1.676s] -- Up-to-date: /home/allsparknouvaneonss/Desktop/del_launch_ws/install/c_launch/share/c_launch/environment/path.dsv
[1.676s] -- Up-to-date: /home/allsparknouvaneonss/Desktop/del_launch_ws/install/c_launch/share/c_launch/local_setup.bash
[1.676s] -- Up-to-date: /home/allsparknouvaneonss/Desktop/del_launch_ws/install/c_launch/share/c_launch/local_setup.sh
[1.676s] -- Up-to-date: /home/allsparknouvaneonss/Desktop/del_launch_ws/install/c_launch/share/c_launch/local_setup.zsh
[1.676s] -- Up-to-date: /home/allsparknouvaneonss/Desktop/del_launch_ws/install/c_launch/share/c_launch/local_setup.dsv
[1.676s] -- Installing: /home/allsparknouvaneonss/Desktop/del_launch_ws/install/c_launch/share/c_launch/package.dsv
[1.686s] -- Up-to-date: /home/allsparknouvaneonss/Desktop/del_launch_ws/install/c_launch/share/ament_index/resource_index/packages/c_launch
[1.686s] -- Up-to-date: /home/allsparknouvaneonss/Desktop/del_launch_ws/install/c_launch/share/c_launch/cmake/c_launchConfig.cmake
[1.686s] -- Up-to-date: /home/allsparknouvaneonss/Desktop/del_launch_ws/install/c_launch/share/c_launch/cmake/c_launchConfig-version.cmake
[1.686s] -- Up-to-date: /home/allsparknouvaneonss/Desktop/del_launch_ws/install/c_launch/share/c_launch/package.xml
[1.776s] Invoked command in '/home/allsparknouvaneonss/Desktop/del_launch_ws/build/c_launch' returned '0': CMAKE_PREFIX_PATH=/opt/ros/humble /usr/bin/cmake --install /home/allsparknouvaneonss/Desktop/del_launch_ws/build/c_launch
