[1.788s] DEBUG:colcon:Command line arguments: ['/usr/bin/colcon', 'build']
[1.788s] DEBUG:colcon:Parsed command line arguments: Namespace(log_base=None, log_level=None, verb_name='build', build_base='build', install_base='install', merge_install=False, symlink_install=False, test_result_base=None, continue_on_error=False, executor='parallel', parallel_workers=2, event_handlers=None, ignore_user_meta=False, metas=['./colcon.meta'], base_paths=['.'], packages_ignore=None, packages_ignore_regex=None, paths=None, packages_up_to=None, packages_up_to_regex=None, packages_above=None, packages_above_and_dependencies=None, packages_above_depth=None, packages_select_by_dep=None, packages_skip_by_dep=None, packages_skip_up_to=None, packages_select_build_failed=False, packages_skip_build_finished=False, packages_select_test_failures=False, packages_skip_test_passed=False, packages_select=None, packages_skip=None, packages_select_regex=None, packages_skip_regex=None, packages_start=None, packages_end=None, allow_overriding=[], cmake_args=None, cmake_target=None, cmake_target_skip_unavailable=False, cmake_clean_cache=False, cmake_clean_first=False, cmake_force_configure=False, ament_cmake_args=None, catkin_cmake_args=None, catkin_skip_building_tests=False, verb_parser=<colcon_defaults.argument_parser.defaults.DefaultArgumentsDecorator object at 0x7fa8095499c0>, verb_extension=<colcon_core.verb.build.BuildVerb object at 0x7fa8099cbd60>, main=<bound method BuildVerb.main of <colcon_core.verb.build.BuildVerb object at 0x7fa8099cbd60>>)
[1.884s] Level 1:colcon.colcon_core.package_discovery:discover_packages(colcon_meta) check parameters
[1.884s] Level 1:colcon.colcon_core.package_discovery:discover_packages(recursive) check parameters
[1.884s] Level 1:colcon.colcon_core.package_discovery:discover_packages(ignore) check parameters
[1.884s] Level 1:colcon.colcon_core.package_discovery:discover_packages(path) check parameters
[1.884s] Level 1:colcon.colcon_core.package_discovery:discover_packages(colcon_meta) discover
[1.884s] Level 1:colcon.colcon_core.package_discovery:discover_packages(recursive) discover
[1.885s] INFO:colcon.colcon_core.package_discovery:Crawling recursively for packages in '/home/allsparknouvaneonss/Desktop/del_launch_ws'
[1.885s] Level 1:colcon.colcon_core.package_identification:_identify(.) by extensions ['ignore', 'ignore_ament_install']
[1.885s] Level 1:colcon.colcon_core.package_identification:_identify(.) by extension 'ignore'
[1.885s] Level 1:colcon.colcon_core.package_identification:_identify(.) by extension 'ignore_ament_install'
[1.885s] Level 1:colcon.colcon_core.package_identification:_identify(.) by extensions ['colcon_pkg']
[1.885s] Level 1:colcon.colcon_core.package_identification:_identify(.) by extension 'colcon_pkg'
[1.885s] Level 1:colcon.colcon_core.package_identification:_identify(.) by extensions ['colcon_meta']
[1.885s] Level 1:colcon.colcon_core.package_identification:_identify(.) by extension 'colcon_meta'
[1.885s] Level 1:colcon.colcon_core.package_identification:_identify(.) by extensions ['ros']
[1.885s] Level 1:colcon.colcon_core.package_identification:_identify(.) by extension 'ros'
[1.907s] Level 1:colcon.colcon_core.package_identification:_identify(.) by extensions ['cmake', 'python']
[1.907s] Level 1:colcon.colcon_core.package_identification:_identify(.) by extension 'cmake'
[1.907s] Level 1:colcon.colcon_core.package_identification:_identify(.) by extension 'python'
[1.908s] Level 1:colcon.colcon_core.package_identification:_identify(.) by extensions ['python_setup_py']
[1.908s] Level 1:colcon.colcon_core.package_identification:_identify(.) by extension 'python_setup_py'
[1.908s] Level 1:colcon.colcon_core.package_identification:_identify(build) by extensions ['ignore', 'ignore_ament_install']
[1.908s] Level 1:colcon.colcon_core.package_identification:_identify(build) by extension 'ignore'
[1.908s] Level 1:colcon.colcon_core.package_identification:_identify(build) ignored
[1.908s] Level 1:colcon.colcon_core.package_identification:_identify(install) by extensions ['ignore', 'ignore_ament_install']
[1.908s] Level 1:colcon.colcon_core.package_identification:_identify(install) by extension 'ignore'
[1.908s] Level 1:colcon.colcon_core.package_identification:_identify(install) ignored
[1.909s] Level 1:colcon.colcon_core.package_identification:_identify(log) by extensions ['ignore', 'ignore_ament_install']
[1.909s] Level 1:colcon.colcon_core.package_identification:_identify(log) by extension 'ignore'
[1.909s] Level 1:colcon.colcon_core.package_identification:_identify(log) ignored
[1.909s] Level 1:colcon.colcon_core.package_identification:_identify(src) by extensions ['ignore', 'ignore_ament_install']
[1.909s] Level 1:colcon.colcon_core.package_identification:_identify(src) by extension 'ignore'
[1.909s] Level 1:colcon.colcon_core.package_identification:_identify(src) by extension 'ignore_ament_install'
[1.909s] Level 1:colcon.colcon_core.package_identification:_identify(src) by extensions ['colcon_pkg']
[1.909s] Level 1:colcon.colcon_core.package_identification:_identify(src) by extension 'colcon_pkg'
[1.909s] Level 1:colcon.colcon_core.package_identification:_identify(src) by extensions ['colcon_meta']
[1.909s] Level 1:colcon.colcon_core.package_identification:_identify(src) by extension 'colcon_meta'
[1.909s] Level 1:colcon.colcon_core.package_identification:_identify(src) by extensions ['ros']
[1.910s] Level 1:colcon.colcon_core.package_identification:_identify(src) by extension 'ros'
[1.910s] Level 1:colcon.colcon_core.package_identification:_identify(src) by extensions ['cmake', 'python']
[1.910s] Level 1:colcon.colcon_core.package_identification:_identify(src) by extension 'cmake'
[1.910s] Level 1:colcon.colcon_core.package_identification:_identify(src) by extension 'python'
[1.910s] Level 1:colcon.colcon_core.package_identification:_identify(src) by extensions ['python_setup_py']
[1.910s] Level 1:colcon.colcon_core.package_identification:_identify(src) by extension 'python_setup_py'
[1.910s] Level 1:colcon.colcon_core.package_identification:_identify(src/c_launch) by extensions ['ignore', 'ignore_ament_install']
[1.910s] Level 1:colcon.colcon_core.package_identification:_identify(src/c_launch) by extension 'ignore'
[1.910s] Level 1:colcon.colcon_core.package_identification:_identify(src/c_launch) by extension 'ignore_ament_install'
[1.910s] Level 1:colcon.colcon_core.package_identification:_identify(src/c_launch) by extensions ['colcon_pkg']
[1.910s] Level 1:colcon.colcon_core.package_identification:_identify(src/c_launch) by extension 'colcon_pkg'
[1.910s] Level 1:colcon.colcon_core.package_identification:_identify(src/c_launch) by extensions ['colcon_meta']
[1.910s] Level 1:colcon.colcon_core.package_identification:_identify(src/c_launch) by extension 'colcon_meta'
[1.911s] Level 1:colcon.colcon_core.package_identification:_identify(src/c_launch) by extensions ['ros']
[1.911s] Level 1:colcon.colcon_core.package_identification:_identify(src/c_launch) by extension 'ros'
[1.914s] DEBUG:colcon.colcon_core.package_identification:Package 'src/c_launch' with type 'ros.ament_cmake' and name 'c_launch'
[1.915s] Level 1:colcon.colcon_core.package_identification:_identify(src/py_launch) by extensions ['ignore', 'ignore_ament_install']
[1.915s] Level 1:colcon.colcon_core.package_identification:_identify(src/py_launch) by extension 'ignore'
[1.915s] Level 1:colcon.colcon_core.package_identification:_identify(src/py_launch) by extension 'ignore_ament_install'
[1.915s] Level 1:colcon.colcon_core.package_identification:_identify(src/py_launch) by extensions ['colcon_pkg']
[1.915s] Level 1:colcon.colcon_core.package_identification:_identify(src/py_launch) by extension 'colcon_pkg'
[1.915s] Level 1:colcon.colcon_core.package_identification:_identify(src/py_launch) by extensions ['colcon_meta']
[1.915s] Level 1:colcon.colcon_core.package_identification:_identify(src/py_launch) by extension 'colcon_meta'
[1.915s] Level 1:colcon.colcon_core.package_identification:_identify(src/py_launch) by extensions ['ros']
[1.915s] Level 1:colcon.colcon_core.package_identification:_identify(src/py_launch) by extension 'ros'
[1.916s] DEBUG:colcon.colcon_core.package_identification:Package 'src/py_launch' with type 'ros.ament_python' and name 'py_launch'
[1.916s] Level 1:colcon.colcon_core.package_discovery:discover_packages(recursive) using defaults
[1.917s] Level 1:colcon.colcon_core.package_discovery:discover_packages(ignore) discover
[1.917s] Level 1:colcon.colcon_core.package_discovery:discover_packages(ignore) using defaults
[1.917s] Level 1:colcon.colcon_core.package_discovery:discover_packages(path) discover
[1.917s] Level 1:colcon.colcon_core.package_discovery:discover_packages(path) using defaults
[2.102s] Level 1:colcon.colcon_core.package_discovery:discover_packages(prefix_path) check parameters
[2.103s] Level 1:colcon.colcon_core.package_discovery:discover_packages(prefix_path) discover
[2.167s] DEBUG:colcon.colcon_installed_package_information.package_discovery:Found 270 installed packages in /opt/ros/humble
[2.170s] Level 1:colcon.colcon_core.package_discovery:discover_packages(prefix_path) using defaults
[2.372s] Level 5:colcon.colcon_core.verb:set package 'c_launch' build argument 'cmake_args' from command line to 'None'
[2.372s] Level 5:colcon.colcon_core.verb:set package 'c_launch' build argument 'cmake_target' from command line to 'None'
[2.372s] Level 5:colcon.colcon_core.verb:set package 'c_launch' build argument 'cmake_target_skip_unavailable' from command line to 'False'
[2.372s] Level 5:colcon.colcon_core.verb:set package 'c_launch' build argument 'cmake_clean_cache' from command line to 'False'
[2.372s] Level 5:colcon.colcon_core.verb:set package 'c_launch' build argument 'cmake_clean_first' from command line to 'False'
[2.372s] Level 5:colcon.colcon_core.verb:set package 'c_launch' build argument 'cmake_force_configure' from command line to 'False'
[2.372s] Level 5:colcon.colcon_core.verb:set package 'c_launch' build argument 'ament_cmake_args' from command line to 'None'
[2.372s] Level 5:colcon.colcon_core.verb:set package 'c_launch' build argument 'catkin_cmake_args' from command line to 'None'
[2.372s] Level 5:colcon.colcon_core.verb:set package 'c_launch' build argument 'catkin_skip_building_tests' from command line to 'False'
[2.372s] DEBUG:colcon.colcon_core.verb:Building package 'c_launch' with the following arguments: {'ament_cmake_args': None, 'build_base': '/home/allsparknouvaneonss/Desktop/del_launch_ws/build/c_launch', 'catkin_cmake_args': None, 'catkin_skip_building_tests': False, 'cmake_args': None, 'cmake_clean_cache': False, 'cmake_clean_first': False, 'cmake_force_configure': False, 'cmake_target': None, 'cmake_target_skip_unavailable': False, 'install_base': '/home/allsparknouvaneonss/Desktop/del_launch_ws/install/c_launch', 'merge_install': False, 'path': '/home/allsparknouvaneonss/Desktop/del_launch_ws/src/c_launch', 'symlink_install': False, 'test_result_base': None}
[2.397s] Level 5:colcon.colcon_core.verb:set package 'py_launch' build argument 'cmake_args' from command line to 'None'
[2.397s] Level 5:colcon.colcon_core.verb:set package 'py_launch' build argument 'cmake_target' from command line to 'None'
[2.397s] Level 5:colcon.colcon_core.verb:set package 'py_launch' build argument 'cmake_target_skip_unavailable' from command line to 'False'
[2.397s] Level 5:colcon.colcon_core.verb:set package 'py_launch' build argument 'cmake_clean_cache' from command line to 'False'
[2.397s] Level 5:colcon.colcon_core.verb:set package 'py_launch' build argument 'cmake_clean_first' from command line to 'False'
[2.397s] Level 5:colcon.colcon_core.verb:set package 'py_launch' build argument 'cmake_force_configure' from command line to 'False'
[2.397s] Level 5:colcon.colcon_core.verb:set package 'py_launch' build argument 'ament_cmake_args' from command line to 'None'
[2.397s] Level 5:colcon.colcon_core.verb:set package 'py_launch' build argument 'catkin_cmake_args' from command line to 'None'
[2.397s] Level 5:colcon.colcon_core.verb:set package 'py_launch' build argument 'catkin_skip_building_tests' from command line to 'False'
[2.397s] DEBUG:colcon.colcon_core.verb:Building package 'py_launch' with the following arguments: {'ament_cmake_args': None, 'build_base': '/home/allsparknouvaneonss/Desktop/del_launch_ws/build/py_launch', 'catkin_cmake_args': None, 'catkin_skip_building_tests': False, 'cmake_args': None, 'cmake_clean_cache': False, 'cmake_clean_first': False, 'cmake_force_configure': False, 'cmake_target': None, 'cmake_target_skip_unavailable': False, 'install_base': '/home/allsparknouvaneonss/Desktop/del_launch_ws/install/py_launch', 'merge_install': False, 'path': '/home/allsparknouvaneonss/Desktop/del_launch_ws/src/py_launch', 'symlink_install': False, 'test_result_base': None}
[2.421s] INFO:colcon.colcon_core.executor:Executing jobs using 'parallel' executor
[2.447s] DEBUG:colcon.colcon_parallel_executor.executor.parallel:run_until_complete
[2.447s] INFO:colcon.colcon_ros.task.ament_cmake.build:Building ROS package in '/home/allsparknouvaneonss/Desktop/del_launch_ws/src/c_launch' with build type 'ament_cmake'
[2.448s] INFO:colcon.colcon_cmake.task.cmake.build:Building CMake package in '/home/allsparknouvaneonss/Desktop/del_launch_ws/src/c_launch'
[2.475s] INFO:colcon.colcon_core.plugin_system:Skipping extension 'colcon_core.shell.bat': Not used on non-Windows systems
[2.476s] INFO:colcon.colcon_core.shell:Skip shell extension 'powershell' for command environment: Not usable outside of PowerShell
[2.476s] DEBUG:colcon.colcon_core.shell:Skip shell extension 'dsv' for command environment
[2.538s] INFO:colcon.colcon_ros.task.ament_python.build:Building ROS package in '/home/allsparknouvaneonss/Desktop/del_launch_ws/src/py_launch' with build type 'ament_python'
[2.539s] Level 1:colcon.colcon_core.shell:create_environment_hook('py_launch', 'ament_prefix_path')
[2.566s] INFO:colcon.colcon_core.shell:Creating environment hook '/home/allsparknouvaneonss/Desktop/del_launch_ws/install/py_launch/share/py_launch/hook/ament_prefix_path.ps1'
[2.568s] INFO:colcon.colcon_core.shell:Creating environment descriptor '/home/allsparknouvaneonss/Desktop/del_launch_ws/install/py_launch/share/py_launch/hook/ament_prefix_path.dsv'
[2.568s] INFO:colcon.colcon_core.shell:Creating environment hook '/home/allsparknouvaneonss/Desktop/del_launch_ws/install/py_launch/share/py_launch/hook/ament_prefix_path.sh'
[2.594s] INFO:colcon.colcon_core.shell:Skip shell extension 'powershell' for command environment: Not usable outside of PowerShell
[2.594s] DEBUG:colcon.colcon_core.shell:Skip shell extension 'dsv' for command environment
[2.672s] DEBUG:colcon.colcon_core.event_handler.log_command:Invoking command in '/home/allsparknouvaneonss/Desktop/del_launch_ws/build/c_launch': CMAKE_PREFIX_PATH=/opt/ros/humble /usr/bin/cmake --build /home/allsparknouvaneonss/Desktop/del_launch_ws/build/c_launch -- -j2 -l2
[3.334s] INFO:colcon.colcon_core.task.python.build:Building Python package in '/home/allsparknouvaneonss/Desktop/del_launch_ws/src/py_launch'
[3.357s] INFO:colcon.colcon_core.shell:Skip shell extension 'powershell' for command environment: Not usable outside of PowerShell
[3.358s] DEBUG:colcon.colcon_core.shell:Skip shell extension 'dsv' for command environment
[3.435s] DEBUG:colcon.colcon_core.event_handler.log_command:Invoked command in '/home/allsparknouvaneonss/Desktop/del_launch_ws/build/c_launch' returned '0': CMAKE_PREFIX_PATH=/opt/ros/humble /usr/bin/cmake --build /home/allsparknouvaneonss/Desktop/del_launch_ws/build/c_launch -- -j2 -l2
[3.550s] DEBUG:colcon.colcon_core.event_handler.log_command:Invoking command in '/home/allsparknouvaneonss/Desktop/del_launch_ws/build/c_launch': CMAKE_PREFIX_PATH=/opt/ros/humble /usr/bin/cmake --install /home/allsparknouvaneonss/Desktop/del_launch_ws/build/c_launch
[3.597s] Level 1:colcon.colcon_core.environment:create_environment_scripts_only(c_launch)
[3.603s] DEBUG:colcon.colcon_core.event_handler.log_command:Invoked command in '/home/allsparknouvaneonss/Desktop/del_launch_ws/build/c_launch' returned '0': CMAKE_PREFIX_PATH=/opt/ros/humble /usr/bin/cmake --install /home/allsparknouvaneonss/Desktop/del_launch_ws/build/c_launch
[3.659s] Level 1:colcon.colcon_core.environment:checking '/home/allsparknouvaneonss/Desktop/del_launch_ws/install/c_launch' for CMake module files
[3.660s] Level 1:colcon.colcon_core.environment:checking '/home/allsparknouvaneonss/Desktop/del_launch_ws/install/c_launch' for CMake config files
[3.660s] Level 1:colcon.colcon_core.shell:create_environment_hook('c_launch', 'cmake_prefix_path')
[3.751s] INFO:colcon.colcon_core.shell:Creating environment hook '/home/allsparknouvaneonss/Desktop/del_launch_ws/install/c_launch/share/c_launch/hook/cmake_prefix_path.ps1'
[3.752s] INFO:colcon.colcon_core.shell:Creating environment descriptor '/home/allsparknouvaneonss/Desktop/del_launch_ws/install/c_launch/share/c_launch/hook/cmake_prefix_path.dsv'
[3.753s] INFO:colcon.colcon_core.shell:Creating environment hook '/home/allsparknouvaneonss/Desktop/del_launch_ws/install/c_launch/share/c_launch/hook/cmake_prefix_path.sh'
[3.761s] Level 1:colcon.colcon_core.environment:checking '/home/allsparknouvaneonss/Desktop/del_launch_ws/install/c_launch/bin'
[3.761s] Level 1:colcon.colcon_core.environment:checking '/home/allsparknouvaneonss/Desktop/del_launch_ws/install/c_launch/lib/pkgconfig/c_launch.pc'
[3.762s] Level 1:colcon.colcon_core.environment:checking '/home/allsparknouvaneonss/Desktop/del_launch_ws/install/c_launch/lib/python3.10/site-packages'
[3.763s] Level 1:colcon.colcon_core.environment:checking '/home/allsparknouvaneonss/Desktop/del_launch_ws/install/c_launch/bin'
[3.817s] INFO:colcon.colcon_core.shell:Creating package script '/home/allsparknouvaneonss/Desktop/del_launch_ws/install/c_launch/share/c_launch/package.ps1'
[3.819s] INFO:colcon.colcon_core.shell:Creating package descriptor '/home/allsparknouvaneonss/Desktop/del_launch_ws/install/c_launch/share/c_launch/package.dsv'
[3.820s] INFO:colcon.colcon_core.shell:Creating package script '/home/allsparknouvaneonss/Desktop/del_launch_ws/install/c_launch/share/c_launch/package.sh'
[3.822s] INFO:colcon.colcon_core.shell:Creating package script '/home/allsparknouvaneonss/Desktop/del_launch_ws/install/c_launch/share/c_launch/package.bash'
[3.823s] INFO:colcon.colcon_core.shell:Creating package script '/home/allsparknouvaneonss/Desktop/del_launch_ws/install/c_launch/share/c_launch/package.zsh'
[3.825s] Level 1:colcon.colcon_core.environment:create_file_with_runtime_dependencies(/home/allsparknouvaneonss/Desktop/del_launch_ws/install/c_launch/share/colcon-core/packages/c_launch)
[3.971s] Level 1:colcon.colcon_core.environment:create_environment_scripts_only(c_launch)
[4.045s] Level 1:colcon.colcon_core.environment:checking '/home/allsparknouvaneonss/Desktop/del_launch_ws/install/c_launch' for CMake module files
[4.046s] Level 1:colcon.colcon_core.environment:checking '/home/allsparknouvaneonss/Desktop/del_launch_ws/install/c_launch' for CMake config files
[4.047s] Level 1:colcon.colcon_core.shell:create_environment_hook('c_launch', 'cmake_prefix_path')
[4.112s] INFO:colcon.colcon_core.shell:Creating environment hook '/home/allsparknouvaneonss/Desktop/del_launch_ws/install/c_launch/share/c_launch/hook/cmake_prefix_path.ps1'
[4.126s] INFO:colcon.colcon_core.shell:Creating environment descriptor '/home/allsparknouvaneonss/Desktop/del_launch_ws/install/c_launch/share/c_launch/hook/cmake_prefix_path.dsv'
[4.127s] INFO:colcon.colcon_core.shell:Creating environment hook '/home/allsparknouvaneonss/Desktop/del_launch_ws/install/c_launch/share/c_launch/hook/cmake_prefix_path.sh'
[4.128s] Level 1:colcon.colcon_core.environment:checking '/home/allsparknouvaneonss/Desktop/del_launch_ws/install/c_launch/bin'
[4.128s] Level 1:colcon.colcon_core.environment:checking '/home/allsparknouvaneonss/Desktop/del_launch_ws/install/c_launch/lib/pkgconfig/c_launch.pc'
[4.128s] Level 1:colcon.colcon_core.environment:checking '/home/allsparknouvaneonss/Desktop/del_launch_ws/install/c_launch/lib/python3.10/site-packages'
[4.129s] Level 1:colcon.colcon_core.environment:checking '/home/allsparknouvaneonss/Desktop/del_launch_ws/install/c_launch/bin'
[4.172s] INFO:colcon.colcon_core.shell:Creating package script '/home/allsparknouvaneonss/Desktop/del_launch_ws/install/c_launch/share/c_launch/package.ps1'
[4.173s] INFO:colcon.colcon_core.shell:Creating package descriptor '/home/allsparknouvaneonss/Desktop/del_launch_ws/install/c_launch/share/c_launch/package.dsv'
[4.180s] INFO:colcon.colcon_core.shell:Creating package script '/home/allsparknouvaneonss/Desktop/del_launch_ws/install/c_launch/share/c_launch/package.sh'
[4.181s] INFO:colcon.colcon_core.shell:Creating package script '/home/allsparknouvaneonss/Desktop/del_launch_ws/install/c_launch/share/c_launch/package.bash'
[4.182s] INFO:colcon.colcon_core.shell:Creating package script '/home/allsparknouvaneonss/Desktop/del_launch_ws/install/c_launch/share/c_launch/package.zsh'
[4.183s] Level 1:colcon.colcon_core.environment:create_file_with_runtime_dependencies(/home/allsparknouvaneonss/Desktop/del_launch_ws/install/c_launch/share/colcon-core/packages/c_launch)
[4.512s] DEBUG:colcon.colcon_core.event_handler.log_command:Invoking command in '/home/allsparknouvaneonss/Desktop/del_launch_ws/src/py_launch': PYTHONPATH=/home/allsparknouvaneonss/Desktop/del_launch_ws/build/py_launch/prefix_override:/home/allsparknouvaneonss/Desktop/del_launch_ws/install/py_launch/lib/python3.10/site-packages:${PYTHONPATH} /usr/bin/python3 setup.py egg_info --egg-base ../../build/py_launch build --build-base /home/allsparknouvaneonss/Desktop/del_launch_ws/build/py_launch/build install --record /home/allsparknouvaneonss/Desktop/del_launch_ws/build/py_launch/install.log --single-version-externally-managed
[5.238s] DEBUG:colcon.colcon_core.event_handler.log_command:Invoked command in '/home/allsparknouvaneonss/Desktop/del_launch_ws/src/py_launch' returned '0': PYTHONPATH=/home/allsparknouvaneonss/Desktop/del_launch_ws/build/py_launch/prefix_override:/home/allsparknouvaneonss/Desktop/del_launch_ws/install/py_launch/lib/python3.10/site-packages:${PYTHONPATH} /usr/bin/python3 setup.py egg_info --egg-base ../../build/py_launch build --build-base /home/allsparknouvaneonss/Desktop/del_launch_ws/build/py_launch/build install --record /home/allsparknouvaneonss/Desktop/del_launch_ws/build/py_launch/install.log --single-version-externally-managed
[5.279s] Level 1:colcon.colcon_core.environment:checking '/home/allsparknouvaneonss/Desktop/del_launch_ws/install/py_launch' for CMake module files
[5.280s] Level 1:colcon.colcon_core.environment:checking '/home/allsparknouvaneonss/Desktop/del_launch_ws/install/py_launch' for CMake config files
[5.280s] Level 1:colcon.colcon_core.environment:checking '/home/allsparknouvaneonss/Desktop/del_launch_ws/install/py_launch/lib'
[5.281s] Level 1:colcon.colcon_core.environment:checking '/home/allsparknouvaneonss/Desktop/del_launch_ws/install/py_launch/bin'
[5.281s] Level 1:colcon.colcon_core.environment:checking '/home/allsparknouvaneonss/Desktop/del_launch_ws/install/py_launch/lib/pkgconfig/py_launch.pc'
[5.288s] Level 1:colcon.colcon_core.environment:checking '/home/allsparknouvaneonss/Desktop/del_launch_ws/install/py_launch/lib/python3.10/site-packages'
[5.289s] Level 1:colcon.colcon_core.shell:create_environment_hook('py_launch', 'pythonpath')
[5.325s] INFO:colcon.colcon_core.shell:Creating environment hook '/home/allsparknouvaneonss/Desktop/del_launch_ws/install/py_launch/share/py_launch/hook/pythonpath.ps1'
[5.326s] INFO:colcon.colcon_core.shell:Creating environment descriptor '/home/allsparknouvaneonss/Desktop/del_launch_ws/install/py_launch/share/py_launch/hook/pythonpath.dsv'
[5.327s] INFO:colcon.colcon_core.shell:Creating environment hook '/home/allsparknouvaneonss/Desktop/del_launch_ws/install/py_launch/share/py_launch/hook/pythonpath.sh'
[5.328s] Level 1:colcon.colcon_core.environment:checking '/home/allsparknouvaneonss/Desktop/del_launch_ws/install/py_launch/bin'
[5.328s] Level 1:colcon.colcon_core.environment:create_environment_scripts_only(py_launch)
[5.368s] INFO:colcon.colcon_core.shell:Creating package script '/home/allsparknouvaneonss/Desktop/del_launch_ws/install/py_launch/share/py_launch/package.ps1'
[5.369s] INFO:colcon.colcon_core.shell:Creating package descriptor '/home/allsparknouvaneonss/Desktop/del_launch_ws/install/py_launch/share/py_launch/package.dsv'
[5.370s] INFO:colcon.colcon_core.shell:Creating package script '/home/allsparknouvaneonss/Desktop/del_launch_ws/install/py_launch/share/py_launch/package.sh'
[5.371s] INFO:colcon.colcon_core.shell:Creating package script '/home/allsparknouvaneonss/Desktop/del_launch_ws/install/py_launch/share/py_launch/package.bash'
[5.371s] INFO:colcon.colcon_core.shell:Creating package script '/home/allsparknouvaneonss/Desktop/del_launch_ws/install/py_launch/share/py_launch/package.zsh'
[5.372s] Level 1:colcon.colcon_core.environment:create_file_with_runtime_dependencies(/home/allsparknouvaneonss/Desktop/del_launch_ws/install/py_launch/share/colcon-core/packages/py_launch)
[5.375s] DEBUG:colcon.colcon_parallel_executor.executor.parallel:closing loop
[5.375s] DEBUG:colcon.colcon_parallel_executor.executor.parallel:loop closed
[5.375s] DEBUG:colcon.colcon_parallel_executor.executor.parallel:run_until_complete finished with '0'
[5.376s] DEBUG:colcon.colcon_core.event_reactor:joining thread
[5.424s] INFO:colcon.colcon_core.plugin_system:Skipping extension 'colcon_notification.desktop_notification.terminal_notifier': Not used on non-Darwin systems
[5.424s] INFO:colcon.colcon_core.plugin_system:Skipping extension 'colcon_notification.desktop_notification.win32': Not used on non-Windows systems
[5.424s] INFO:colcon.colcon_notification.desktop_notification:Sending desktop notification using 'notify2'
[5.498s] DEBUG:colcon.colcon_core.event_reactor:joined thread
[5.543s] INFO:colcon.colcon_core.shell:Creating prefix script '/home/allsparknouvaneonss/Desktop/del_launch_ws/install/local_setup.ps1'
[5.549s] INFO:colcon.colcon_core.shell:Creating prefix util module '/home/allsparknouvaneonss/Desktop/del_launch_ws/install/_local_setup_util_ps1.py'
[5.552s] INFO:colcon.colcon_core.shell:Creating prefix chain script '/home/allsparknouvaneonss/Desktop/del_launch_ws/install/setup.ps1'
[5.591s] INFO:colcon.colcon_core.shell:Creating prefix script '/home/allsparknouvaneonss/Desktop/del_launch_ws/install/local_setup.sh'
[5.593s] INFO:colcon.colcon_core.shell:Creating prefix util module '/home/allsparknouvaneonss/Desktop/del_launch_ws/install/_local_setup_util_sh.py'
[5.596s] INFO:colcon.colcon_core.shell:Creating prefix chain script '/home/allsparknouvaneonss/Desktop/del_launch_ws/install/setup.sh'
[5.626s] INFO:colcon.colcon_core.shell:Creating prefix script '/home/allsparknouvaneonss/Desktop/del_launch_ws/install/local_setup.bash'
[5.627s] INFO:colcon.colcon_core.shell:Creating prefix chain script '/home/allsparknouvaneonss/Desktop/del_launch_ws/install/setup.bash'
[5.710s] INFO:colcon.colcon_core.shell:Creating prefix script '/home/allsparknouvaneonss/Desktop/del_launch_ws/install/local_setup.zsh'
[5.711s] INFO:colcon.colcon_core.shell:Creating prefix chain script '/home/allsparknouvaneonss/Desktop/del_launch_ws/install/setup.zsh'
