[1.738s] DEBUG:colcon:Command line arguments: ['/usr/bin/colcon', 'build']
[1.738s] DEBUG:colcon:Parsed command line arguments: Namespace(log_base=None, log_level=None, verb_name='build', build_base='build', install_base='install', merge_install=False, symlink_install=False, test_result_base=None, continue_on_error=False, executor='parallel', parallel_workers=2, event_handlers=None, ignore_user_meta=False, metas=['./colcon.meta'], base_paths=['.'], packages_ignore=None, packages_ignore_regex=None, paths=None, packages_up_to=None, packages_up_to_regex=None, packages_above=None, packages_above_and_dependencies=None, packages_above_depth=None, packages_select_by_dep=None, packages_skip_by_dep=None, packages_skip_up_to=None, packages_select_build_failed=False, packages_skip_build_finished=False, packages_select_test_failures=False, packages_skip_test_passed=False, packages_select=None, packages_skip=None, packages_select_regex=None, packages_skip_regex=None, packages_start=None, packages_end=None, allow_overriding=[], cmake_args=None, cmake_target=None, cmake_target_skip_unavailable=False, cmake_clean_cache=False, cmake_clean_first=False, cmake_force_configure=False, ament_cmake_args=None, catkin_cmake_args=None, catkin_skip_building_tests=False, verb_parser=<colcon_defaults.argument_parser.defaults.DefaultArgumentsDecorator object at 0x7f58144119c0>, verb_extension=<colcon_core.verb.build.BuildVerb object at 0x7f5814893d60>, main=<bound method BuildVerb.main of <colcon_core.verb.build.BuildVerb object at 0x7f5814893d60>>)
[1.837s] Level 1:colcon.colcon_core.package_discovery:discover_packages(colcon_meta) check parameters
[1.837s] Level 1:colcon.colcon_core.package_discovery:discover_packages(recursive) check parameters
[1.837s] Level 1:colcon.colcon_core.package_discovery:discover_packages(ignore) check parameters
[1.837s] Level 1:colcon.colcon_core.package_discovery:discover_packages(path) check parameters
[1.837s] Level 1:colcon.colcon_core.package_discovery:discover_packages(colcon_meta) discover
[1.838s] Level 1:colcon.colcon_core.package_discovery:discover_packages(recursive) discover
[1.838s] INFO:colcon.colcon_core.package_discovery:Crawling recursively for packages in '/home/allsparknouvaneonss/Desktop/del_launch_ws'
[1.838s] Level 1:colcon.colcon_core.package_identification:_identify(.) by extensions ['ignore', 'ignore_ament_install']
[1.838s] Level 1:colcon.colcon_core.package_identification:_identify(.) by extension 'ignore'
[1.838s] Level 1:colcon.colcon_core.package_identification:_identify(.) by extension 'ignore_ament_install'
[1.838s] Level 1:colcon.colcon_core.package_identification:_identify(.) by extensions ['colcon_pkg']
[1.838s] Level 1:colcon.colcon_core.package_identification:_identify(.) by extension 'colcon_pkg'
[1.838s] Level 1:colcon.colcon_core.package_identification:_identify(.) by extensions ['colcon_meta']
[1.838s] Level 1:colcon.colcon_core.package_identification:_identify(.) by extension 'colcon_meta'
[1.838s] Level 1:colcon.colcon_core.package_identification:_identify(.) by extensions ['ros']
[1.838s] Level 1:colcon.colcon_core.package_identification:_identify(.) by extension 'ros'
[1.865s] Level 1:colcon.colcon_core.package_identification:_identify(.) by extensions ['cmake', 'python']
[1.866s] Level 1:colcon.colcon_core.package_identification:_identify(.) by extension 'cmake'
[1.866s] Level 1:colcon.colcon_core.package_identification:_identify(.) by extension 'python'
[1.866s] Level 1:colcon.colcon_core.package_identification:_identify(.) by extensions ['python_setup_py']
[1.866s] Level 1:colcon.colcon_core.package_identification:_identify(.) by extension 'python_setup_py'
[1.867s] Level 1:colcon.colcon_core.package_identification:_identify(build) by extensions ['ignore', 'ignore_ament_install']
[1.867s] Level 1:colcon.colcon_core.package_identification:_identify(build) by extension 'ignore'
[1.867s] Level 1:colcon.colcon_core.package_identification:_identify(build) ignored
[1.867s] Level 1:colcon.colcon_core.package_identification:_identify(install) by extensions ['ignore', 'ignore_ament_install']
[1.869s] Level 1:colcon.colcon_core.package_identification:_identify(install) by extension 'ignore'
[1.869s] Level 1:colcon.colcon_core.package_identification:_identify(install) ignored
[1.869s] Level 1:colcon.colcon_core.package_identification:_identify(log) by extensions ['ignore', 'ignore_ament_install']
[1.869s] Level 1:colcon.colcon_core.package_identification:_identify(log) by extension 'ignore'
[1.870s] Level 1:colcon.colcon_core.package_identification:_identify(log) ignored
[1.870s] Level 1:colcon.colcon_core.package_identification:_identify(src) by extensions ['ignore', 'ignore_ament_install']
[1.870s] Level 1:colcon.colcon_core.package_identification:_identify(src) by extension 'ignore'
[1.870s] Level 1:colcon.colcon_core.package_identification:_identify(src) by extension 'ignore_ament_install'
[1.870s] Level 1:colcon.colcon_core.package_identification:_identify(src) by extensions ['colcon_pkg']
[1.871s] Level 1:colcon.colcon_core.package_identification:_identify(src) by extension 'colcon_pkg'
[1.871s] Level 1:colcon.colcon_core.package_identification:_identify(src) by extensions ['colcon_meta']
[1.871s] Level 1:colcon.colcon_core.package_identification:_identify(src) by extension 'colcon_meta'
[1.871s] Level 1:colcon.colcon_core.package_identification:_identify(src) by extensions ['ros']
[1.871s] Level 1:colcon.colcon_core.package_identification:_identify(src) by extension 'ros'
[1.872s] Level 1:colcon.colcon_core.package_identification:_identify(src) by extensions ['cmake', 'python']
[1.872s] Level 1:colcon.colcon_core.package_identification:_identify(src) by extension 'cmake'
[1.872s] Level 1:colcon.colcon_core.package_identification:_identify(src) by extension 'python'
[1.872s] Level 1:colcon.colcon_core.package_identification:_identify(src) by extensions ['python_setup_py']
[1.872s] Level 1:colcon.colcon_core.package_identification:_identify(src) by extension 'python_setup_py'
[1.873s] Level 1:colcon.colcon_core.package_identification:_identify(src/c_launch) by extensions ['ignore', 'ignore_ament_install']
[1.873s] Level 1:colcon.colcon_core.package_identification:_identify(src/c_launch) by extension 'ignore'
[1.873s] Level 1:colcon.colcon_core.package_identification:_identify(src/c_launch) by extension 'ignore_ament_install'
[1.873s] Level 1:colcon.colcon_core.package_identification:_identify(src/c_launch) by extensions ['colcon_pkg']
[1.874s] Level 1:colcon.colcon_core.package_identification:_identify(src/c_launch) by extension 'colcon_pkg'
[1.874s] Level 1:colcon.colcon_core.package_identification:_identify(src/c_launch) by extensions ['colcon_meta']
[1.874s] Level 1:colcon.colcon_core.package_identification:_identify(src/c_launch) by extension 'colcon_meta'
[1.874s] Level 1:colcon.colcon_core.package_identification:_identify(src/c_launch) by extensions ['ros']
[1.874s] Level 1:colcon.colcon_core.package_identification:_identify(src/c_launch) by extension 'ros'
[1.881s] DEBUG:colcon.colcon_core.package_identification:Package 'src/c_launch' with type 'ros.ament_cmake' and name 'c_launch'
[1.881s] Level 1:colcon.colcon_core.package_identification:_identify(src/py_launch) by extensions ['ignore', 'ignore_ament_install']
[1.881s] Level 1:colcon.colcon_core.package_identification:_identify(src/py_launch) by extension 'ignore'
[1.882s] Level 1:colcon.colcon_core.package_identification:_identify(src/py_launch) by extension 'ignore_ament_install'
[1.882s] Level 1:colcon.colcon_core.package_identification:_identify(src/py_launch) by extensions ['colcon_pkg']
[1.882s] Level 1:colcon.colcon_core.package_identification:_identify(src/py_launch) by extension 'colcon_pkg'
[1.882s] Level 1:colcon.colcon_core.package_identification:_identify(src/py_launch) by extensions ['colcon_meta']
[1.882s] Level 1:colcon.colcon_core.package_identification:_identify(src/py_launch) by extension 'colcon_meta'
[1.883s] Level 1:colcon.colcon_core.package_identification:_identify(src/py_launch) by extensions ['ros']
[1.883s] Level 1:colcon.colcon_core.package_identification:_identify(src/py_launch) by extension 'ros'
[1.884s] DEBUG:colcon.colcon_core.package_identification:Package 'src/py_launch' with type 'ros.ament_python' and name 'py_launch'
[1.884s] Level 1:colcon.colcon_core.package_discovery:discover_packages(recursive) using defaults
[1.884s] Level 1:colcon.colcon_core.package_discovery:discover_packages(ignore) discover
[1.885s] Level 1:colcon.colcon_core.package_discovery:discover_packages(ignore) using defaults
[1.885s] Level 1:colcon.colcon_core.package_discovery:discover_packages(path) discover
[1.885s] Level 1:colcon.colcon_core.package_discovery:discover_packages(path) using defaults
[2.066s] Level 1:colcon.colcon_core.package_discovery:discover_packages(prefix_path) check parameters
[2.066s] Level 1:colcon.colcon_core.package_discovery:discover_packages(prefix_path) discover
[2.118s] DEBUG:colcon.colcon_installed_package_information.package_discovery:Found 270 installed packages in /opt/ros/humble
[2.121s] Level 1:colcon.colcon_core.package_discovery:discover_packages(prefix_path) using defaults
[2.290s] Level 5:colcon.colcon_core.verb:set package 'c_launch' build argument 'cmake_args' from command line to 'None'
[2.290s] Level 5:colcon.colcon_core.verb:set package 'c_launch' build argument 'cmake_target' from command line to 'None'
[2.290s] Level 5:colcon.colcon_core.verb:set package 'c_launch' build argument 'cmake_target_skip_unavailable' from command line to 'False'
[2.290s] Level 5:colcon.colcon_core.verb:set package 'c_launch' build argument 'cmake_clean_cache' from command line to 'False'
[2.290s] Level 5:colcon.colcon_core.verb:set package 'c_launch' build argument 'cmake_clean_first' from command line to 'False'
[2.290s] Level 5:colcon.colcon_core.verb:set package 'c_launch' build argument 'cmake_force_configure' from command line to 'False'
[2.290s] Level 5:colcon.colcon_core.verb:set package 'c_launch' build argument 'ament_cmake_args' from command line to 'None'
[2.290s] Level 5:colcon.colcon_core.verb:set package 'c_launch' build argument 'catkin_cmake_args' from command line to 'None'
[2.290s] Level 5:colcon.colcon_core.verb:set package 'c_launch' build argument 'catkin_skip_building_tests' from command line to 'False'
[2.290s] DEBUG:colcon.colcon_core.verb:Building package 'c_launch' with the following arguments: {'ament_cmake_args': None, 'build_base': '/home/allsparknouvaneonss/Desktop/del_launch_ws/build/c_launch', 'catkin_cmake_args': None, 'catkin_skip_building_tests': False, 'cmake_args': None, 'cmake_clean_cache': False, 'cmake_clean_first': False, 'cmake_force_configure': False, 'cmake_target': None, 'cmake_target_skip_unavailable': False, 'install_base': '/home/allsparknouvaneonss/Desktop/del_launch_ws/install/c_launch', 'merge_install': False, 'path': '/home/allsparknouvaneonss/Desktop/del_launch_ws/src/c_launch', 'symlink_install': False, 'test_result_base': None}
[2.325s] Level 5:colcon.colcon_core.verb:set package 'py_launch' build argument 'cmake_args' from command line to 'None'
[2.325s] Level 5:colcon.colcon_core.verb:set package 'py_launch' build argument 'cmake_target' from command line to 'None'
[2.325s] Level 5:colcon.colcon_core.verb:set package 'py_launch' build argument 'cmake_target_skip_unavailable' from command line to 'False'
[2.325s] Level 5:colcon.colcon_core.verb:set package 'py_launch' build argument 'cmake_clean_cache' from command line to 'False'
[2.325s] Level 5:colcon.colcon_core.verb:set package 'py_launch' build argument 'cmake_clean_first' from command line to 'False'
[2.325s] Level 5:colcon.colcon_core.verb:set package 'py_launch' build argument 'cmake_force_configure' from command line to 'False'
[2.325s] Level 5:colcon.colcon_core.verb:set package 'py_launch' build argument 'ament_cmake_args' from command line to 'None'
[2.325s] Level 5:colcon.colcon_core.verb:set package 'py_launch' build argument 'catkin_cmake_args' from command line to 'None'
[2.326s] Level 5:colcon.colcon_core.verb:set package 'py_launch' build argument 'catkin_skip_building_tests' from command line to 'False'
[2.326s] DEBUG:colcon.colcon_core.verb:Building package 'py_launch' with the following arguments: {'ament_cmake_args': None, 'build_base': '/home/allsparknouvaneonss/Desktop/del_launch_ws/build/py_launch', 'catkin_cmake_args': None, 'catkin_skip_building_tests': False, 'cmake_args': None, 'cmake_clean_cache': False, 'cmake_clean_first': False, 'cmake_force_configure': False, 'cmake_target': None, 'cmake_target_skip_unavailable': False, 'install_base': '/home/allsparknouvaneonss/Desktop/del_launch_ws/install/py_launch', 'merge_install': False, 'path': '/home/allsparknouvaneonss/Desktop/del_launch_ws/src/py_launch', 'symlink_install': False, 'test_result_base': None}
[2.349s] INFO:colcon.colcon_core.executor:Executing jobs using 'parallel' executor
[2.383s] DEBUG:colcon.colcon_parallel_executor.executor.parallel:run_until_complete
[2.383s] INFO:colcon.colcon_ros.task.ament_cmake.build:Building ROS package in '/home/allsparknouvaneonss/Desktop/del_launch_ws/src/c_launch' with build type 'ament_cmake'
[2.383s] INFO:colcon.colcon_cmake.task.cmake.build:Building CMake package in '/home/allsparknouvaneonss/Desktop/del_launch_ws/src/c_launch'
[2.415s] INFO:colcon.colcon_core.plugin_system:Skipping extension 'colcon_core.shell.bat': Not used on non-Windows systems
[2.416s] INFO:colcon.colcon_core.shell:Skip shell extension 'powershell' for command environment: Not usable outside of PowerShell
[2.416s] DEBUG:colcon.colcon_core.shell:Skip shell extension 'dsv' for command environment
[2.472s] INFO:colcon.colcon_ros.task.ament_python.build:Building ROS package in '/home/allsparknouvaneonss/Desktop/del_launch_ws/src/py_launch' with build type 'ament_python'
[2.472s] Level 1:colcon.colcon_core.shell:create_environment_hook('py_launch', 'ament_prefix_path')
[2.506s] INFO:colcon.colcon_core.shell:Creating environment hook '/home/allsparknouvaneonss/Desktop/del_launch_ws/install/py_launch/share/py_launch/hook/ament_prefix_path.ps1'
[2.508s] INFO:colcon.colcon_core.shell:Creating environment descriptor '/home/allsparknouvaneonss/Desktop/del_launch_ws/install/py_launch/share/py_launch/hook/ament_prefix_path.dsv'
[2.508s] INFO:colcon.colcon_core.shell:Creating environment hook '/home/allsparknouvaneonss/Desktop/del_launch_ws/install/py_launch/share/py_launch/hook/ament_prefix_path.sh'
[2.536s] INFO:colcon.colcon_core.shell:Skip shell extension 'powershell' for command environment: Not usable outside of PowerShell
[2.536s] DEBUG:colcon.colcon_core.shell:Skip shell extension 'dsv' for command environment
[2.618s] DEBUG:colcon.colcon_core.event_handler.log_command:Invoking command in '/home/allsparknouvaneonss/Desktop/del_launch_ws/build/c_launch': CMAKE_PREFIX_PATH=/opt/ros/humble /usr/bin/cmake --build /home/allsparknouvaneonss/Desktop/del_launch_ws/build/c_launch -- -j2 -l2
[3.305s] INFO:colcon.colcon_core.task.python.build:Building Python package in '/home/allsparknouvaneonss/Desktop/del_launch_ws/src/py_launch'
[3.340s] INFO:colcon.colcon_core.shell:Skip shell extension 'powershell' for command environment: Not usable outside of PowerShell
[3.340s] DEBUG:colcon.colcon_core.shell:Skip shell extension 'dsv' for command environment
[3.412s] DEBUG:colcon.colcon_core.event_handler.log_command:Invoked command in '/home/allsparknouvaneonss/Desktop/del_launch_ws/build/c_launch' returned '0': CMAKE_PREFIX_PATH=/opt/ros/humble /usr/bin/cmake --build /home/allsparknouvaneonss/Desktop/del_launch_ws/build/c_launch -- -j2 -l2
[3.572s] DEBUG:colcon.colcon_core.event_handler.log_command:Invoking command in '/home/allsparknouvaneonss/Desktop/del_launch_ws/build/c_launch': CMAKE_PREFIX_PATH=/opt/ros/humble /usr/bin/cmake --install /home/allsparknouvaneonss/Desktop/del_launch_ws/build/c_launch
[3.593s] Level 1:colcon.colcon_core.environment:create_environment_scripts_only(c_launch)
[3.595s] DEBUG:colcon.colcon_core.event_handler.log_command:Invoked command in '/home/allsparknouvaneonss/Desktop/del_launch_ws/build/c_launch' returned '0': CMAKE_PREFIX_PATH=/opt/ros/humble /usr/bin/cmake --install /home/allsparknouvaneonss/Desktop/del_launch_ws/build/c_launch
[3.681s] Level 1:colcon.colcon_core.environment:checking '/home/allsparknouvaneonss/Desktop/del_launch_ws/install/c_launch' for CMake module files
[3.689s] Level 1:colcon.colcon_core.environment:checking '/home/allsparknouvaneonss/Desktop/del_launch_ws/install/c_launch' for CMake config files
[3.689s] Level 1:colcon.colcon_core.shell:create_environment_hook('c_launch', 'cmake_prefix_path')
[3.727s] INFO:colcon.colcon_core.shell:Creating environment hook '/home/allsparknouvaneonss/Desktop/del_launch_ws/install/c_launch/share/c_launch/hook/cmake_prefix_path.ps1'
[3.728s] INFO:colcon.colcon_core.shell:Creating environment descriptor '/home/allsparknouvaneonss/Desktop/del_launch_ws/install/c_launch/share/c_launch/hook/cmake_prefix_path.dsv'
[3.729s] INFO:colcon.colcon_core.shell:Creating environment hook '/home/allsparknouvaneonss/Desktop/del_launch_ws/install/c_launch/share/c_launch/hook/cmake_prefix_path.sh'
[3.730s] Level 1:colcon.colcon_core.environment:checking '/home/allsparknouvaneonss/Desktop/del_launch_ws/install/c_launch/bin'
[3.736s] Level 1:colcon.colcon_core.environment:checking '/home/allsparknouvaneonss/Desktop/del_launch_ws/install/c_launch/lib/pkgconfig/c_launch.pc'
[3.737s] Level 1:colcon.colcon_core.environment:checking '/home/allsparknouvaneonss/Desktop/del_launch_ws/install/c_launch/lib/python3.10/site-packages'
[3.737s] Level 1:colcon.colcon_core.environment:checking '/home/allsparknouvaneonss/Desktop/del_launch_ws/install/c_launch/bin'
[3.796s] INFO:colcon.colcon_core.shell:Creating package script '/home/allsparknouvaneonss/Desktop/del_launch_ws/install/c_launch/share/c_launch/package.ps1'
[3.798s] INFO:colcon.colcon_core.shell:Creating package descriptor '/home/allsparknouvaneonss/Desktop/del_launch_ws/install/c_launch/share/c_launch/package.dsv'
[3.808s] INFO:colcon.colcon_core.shell:Creating package script '/home/allsparknouvaneonss/Desktop/del_launch_ws/install/c_launch/share/c_launch/package.sh'
[3.811s] INFO:colcon.colcon_core.shell:Creating package script '/home/allsparknouvaneonss/Desktop/del_launch_ws/install/c_launch/share/c_launch/package.bash'
[3.815s] INFO:colcon.colcon_core.shell:Creating package script '/home/allsparknouvaneonss/Desktop/del_launch_ws/install/c_launch/share/c_launch/package.zsh'
[3.820s] Level 1:colcon.colcon_core.environment:create_file_with_runtime_dependencies(/home/allsparknouvaneonss/Desktop/del_launch_ws/install/c_launch/share/colcon-core/packages/c_launch)
[3.981s] Level 1:colcon.colcon_core.environment:create_environment_scripts_only(c_launch)
[4.027s] Level 1:colcon.colcon_core.environment:checking '/home/allsparknouvaneonss/Desktop/del_launch_ws/install/c_launch' for CMake module files
[4.028s] Level 1:colcon.colcon_core.environment:checking '/home/allsparknouvaneonss/Desktop/del_launch_ws/install/c_launch' for CMake config files
[4.028s] Level 1:colcon.colcon_core.shell:create_environment_hook('c_launch', 'cmake_prefix_path')
[4.090s] INFO:colcon.colcon_core.shell:Creating environment hook '/home/allsparknouvaneonss/Desktop/del_launch_ws/install/c_launch/share/c_launch/hook/cmake_prefix_path.ps1'
[4.091s] INFO:colcon.colcon_core.shell:Creating environment descriptor '/home/allsparknouvaneonss/Desktop/del_launch_ws/install/c_launch/share/c_launch/hook/cmake_prefix_path.dsv'
[4.092s] INFO:colcon.colcon_core.shell:Creating environment hook '/home/allsparknouvaneonss/Desktop/del_launch_ws/install/c_launch/share/c_launch/hook/cmake_prefix_path.sh'
[4.093s] Level 1:colcon.colcon_core.environment:checking '/home/allsparknouvaneonss/Desktop/del_launch_ws/install/c_launch/bin'
[4.093s] Level 1:colcon.colcon_core.environment:checking '/home/allsparknouvaneonss/Desktop/del_launch_ws/install/c_launch/lib/pkgconfig/c_launch.pc'
[4.094s] Level 1:colcon.colcon_core.environment:checking '/home/allsparknouvaneonss/Desktop/del_launch_ws/install/c_launch/lib/python3.10/site-packages'
[4.095s] Level 1:colcon.colcon_core.environment:checking '/home/allsparknouvaneonss/Desktop/del_launch_ws/install/c_launch/bin'
[4.133s] INFO:colcon.colcon_core.shell:Creating package script '/home/allsparknouvaneonss/Desktop/del_launch_ws/install/c_launch/share/c_launch/package.ps1'
[4.138s] INFO:colcon.colcon_core.shell:Creating package descriptor '/home/allsparknouvaneonss/Desktop/del_launch_ws/install/c_launch/share/c_launch/package.dsv'
[4.138s] INFO:colcon.colcon_core.shell:Creating package script '/home/allsparknouvaneonss/Desktop/del_launch_ws/install/c_launch/share/c_launch/package.sh'
[4.155s] INFO:colcon.colcon_core.shell:Creating package script '/home/allsparknouvaneonss/Desktop/del_launch_ws/install/c_launch/share/c_launch/package.bash'
[4.158s] INFO:colcon.colcon_core.shell:Creating package script '/home/allsparknouvaneonss/Desktop/del_launch_ws/install/c_launch/share/c_launch/package.zsh'
[4.167s] Level 1:colcon.colcon_core.environment:create_file_with_runtime_dependencies(/home/allsparknouvaneonss/Desktop/del_launch_ws/install/c_launch/share/colcon-core/packages/c_launch)
[4.547s] DEBUG:colcon.colcon_core.event_handler.log_command:Invoking command in '/home/allsparknouvaneonss/Desktop/del_launch_ws/src/py_launch': PYTHONPATH=/home/allsparknouvaneonss/Desktop/del_launch_ws/build/py_launch/prefix_override:/home/allsparknouvaneonss/Desktop/del_launch_ws/install/py_launch/lib/python3.10/site-packages:${PYTHONPATH} /usr/bin/python3 setup.py egg_info --egg-base ../../build/py_launch build --build-base /home/allsparknouvaneonss/Desktop/del_launch_ws/build/py_launch/build install --record /home/allsparknouvaneonss/Desktop/del_launch_ws/build/py_launch/install.log --single-version-externally-managed
[5.154s] DEBUG:colcon.colcon_core.event_handler.log_command:Invoked command in '/home/allsparknouvaneonss/Desktop/del_launch_ws/src/py_launch' returned '0': PYTHONPATH=/home/allsparknouvaneonss/Desktop/del_launch_ws/build/py_launch/prefix_override:/home/allsparknouvaneonss/Desktop/del_launch_ws/install/py_launch/lib/python3.10/site-packages:${PYTHONPATH} /usr/bin/python3 setup.py egg_info --egg-base ../../build/py_launch build --build-base /home/allsparknouvaneonss/Desktop/del_launch_ws/build/py_launch/build install --record /home/allsparknouvaneonss/Desktop/del_launch_ws/build/py_launch/install.log --single-version-externally-managed
[5.187s] Level 1:colcon.colcon_core.environment:checking '/home/allsparknouvaneonss/Desktop/del_launch_ws/install/py_launch' for CMake module files
[5.188s] Level 1:colcon.colcon_core.environment:checking '/home/allsparknouvaneonss/Desktop/del_launch_ws/install/py_launch' for CMake config files
[5.189s] Level 1:colcon.colcon_core.environment:checking '/home/allsparknouvaneonss/Desktop/del_launch_ws/install/py_launch/lib'
[5.189s] Level 1:colcon.colcon_core.environment:checking '/home/allsparknouvaneonss/Desktop/del_launch_ws/install/py_launch/bin'
[5.189s] Level 1:colcon.colcon_core.environment:checking '/home/allsparknouvaneonss/Desktop/del_launch_ws/install/py_launch/lib/pkgconfig/py_launch.pc'
[5.190s] Level 1:colcon.colcon_core.environment:checking '/home/allsparknouvaneonss/Desktop/del_launch_ws/install/py_launch/lib/python3.10/site-packages'
[5.190s] Level 1:colcon.colcon_core.shell:create_environment_hook('py_launch', 'pythonpath')
[5.233s] INFO:colcon.colcon_core.shell:Creating environment hook '/home/allsparknouvaneonss/Desktop/del_launch_ws/install/py_launch/share/py_launch/hook/pythonpath.ps1'
[5.236s] INFO:colcon.colcon_core.shell:Creating environment descriptor '/home/allsparknouvaneonss/Desktop/del_launch_ws/install/py_launch/share/py_launch/hook/pythonpath.dsv'
[5.236s] INFO:colcon.colcon_core.shell:Creating environment hook '/home/allsparknouvaneonss/Desktop/del_launch_ws/install/py_launch/share/py_launch/hook/pythonpath.sh'
[5.237s] Level 1:colcon.colcon_core.environment:checking '/home/allsparknouvaneonss/Desktop/del_launch_ws/install/py_launch/bin'
[5.238s] Level 1:colcon.colcon_core.environment:create_environment_scripts_only(py_launch)
[5.279s] INFO:colcon.colcon_core.shell:Creating package script '/home/allsparknouvaneonss/Desktop/del_launch_ws/install/py_launch/share/py_launch/package.ps1'
[5.280s] INFO:colcon.colcon_core.shell:Creating package descriptor '/home/allsparknouvaneonss/Desktop/del_launch_ws/install/py_launch/share/py_launch/package.dsv'
[5.280s] INFO:colcon.colcon_core.shell:Creating package script '/home/allsparknouvaneonss/Desktop/del_launch_ws/install/py_launch/share/py_launch/package.sh'
[5.281s] INFO:colcon.colcon_core.shell:Creating package script '/home/allsparknouvaneonss/Desktop/del_launch_ws/install/py_launch/share/py_launch/package.bash'
[5.281s] INFO:colcon.colcon_core.shell:Creating package script '/home/allsparknouvaneonss/Desktop/del_launch_ws/install/py_launch/share/py_launch/package.zsh'
[5.282s] Level 1:colcon.colcon_core.environment:create_file_with_runtime_dependencies(/home/allsparknouvaneonss/Desktop/del_launch_ws/install/py_launch/share/colcon-core/packages/py_launch)
[5.284s] DEBUG:colcon.colcon_parallel_executor.executor.parallel:closing loop
[5.284s] DEBUG:colcon.colcon_parallel_executor.executor.parallel:loop closed
[5.284s] DEBUG:colcon.colcon_parallel_executor.executor.parallel:run_until_complete finished with '0'
[5.284s] DEBUG:colcon.colcon_core.event_reactor:joining thread
[5.320s] INFO:colcon.colcon_core.plugin_system:Skipping extension 'colcon_notification.desktop_notification.terminal_notifier': Not used on non-Darwin systems
[5.320s] INFO:colcon.colcon_core.plugin_system:Skipping extension 'colcon_notification.desktop_notification.win32': Not used on non-Windows systems
[5.320s] INFO:colcon.colcon_notification.desktop_notification:Sending desktop notification using 'notify2'
[5.343s] DEBUG:colcon.colcon_core.event_reactor:joined thread
[5.367s] INFO:colcon.colcon_core.shell:Creating prefix script '/home/allsparknouvaneonss/Desktop/del_launch_ws/install/local_setup.ps1'
[5.369s] INFO:colcon.colcon_core.shell:Creating prefix util module '/home/allsparknouvaneonss/Desktop/del_launch_ws/install/_local_setup_util_ps1.py'
[5.371s] INFO:colcon.colcon_core.shell:Creating prefix chain script '/home/allsparknouvaneonss/Desktop/del_launch_ws/install/setup.ps1'
[5.396s] INFO:colcon.colcon_core.shell:Creating prefix script '/home/allsparknouvaneonss/Desktop/del_launch_ws/install/local_setup.sh'
[5.397s] INFO:colcon.colcon_core.shell:Creating prefix util module '/home/allsparknouvaneonss/Desktop/del_launch_ws/install/_local_setup_util_sh.py'
[5.398s] INFO:colcon.colcon_core.shell:Creating prefix chain script '/home/allsparknouvaneonss/Desktop/del_launch_ws/install/setup.sh'
[5.439s] INFO:colcon.colcon_core.shell:Creating prefix script '/home/allsparknouvaneonss/Desktop/del_launch_ws/install/local_setup.bash'
[5.440s] INFO:colcon.colcon_core.shell:Creating prefix chain script '/home/allsparknouvaneonss/Desktop/del_launch_ws/install/setup.bash'
[5.478s] INFO:colcon.colcon_core.shell:Creating prefix script '/home/allsparknouvaneonss/Desktop/del_launch_ws/install/local_setup.zsh'
[5.479s] INFO:colcon.colcon_core.shell:Creating prefix chain script '/home/allsparknouvaneonss/Desktop/del_launch_ws/install/setup.zsh'
