[2.697s] Invoking command in '/home/allsparknouvaneonss/Desktop/del_launch_ws/src/launch_tutorial': PYTHONPATH=/home/allsparknouvaneonss/Desktop/del_launch_ws/build/launch_tutorial/prefix_override:/home/allsparknouvaneonss/Desktop/del_launch_ws/install/launch_tutorial/lib/python3.10/site-packages:${PYTHONPATH} /usr/bin/python3 setup.py egg_info --egg-base ../../build/launch_tutorial build --build-base /home/allsparknouvaneonss/Desktop/del_launch_ws/build/launch_tutorial/build install --record /home/allsparknouvaneonss/Desktop/del_launch_ws/build/launch_tutorial/install.log --single-version-externally-managed
[3.372s] running egg_info
[3.375s] writing ../../build/launch_tutorial/launch_tutorial.egg-info/PKG-INFO
[3.377s] writing dependency_links to ../../build/launch_tutorial/launch_tutorial.egg-info/dependency_links.txt
[3.378s] writing entry points to ../../build/launch_tutorial/launch_tutorial.egg-info/entry_points.txt
[3.386s] writing requirements to ../../build/launch_tutorial/launch_tutorial.egg-info/requires.txt
[3.387s] writing top-level names to ../../build/launch_tutorial/launch_tutorial.egg-info/top_level.txt
[3.404s] reading manifest file '../../build/launch_tutorial/launch_tutorial.egg-info/SOURCES.txt'
[3.413s] adding license file 'LICENSE'
[3.415s] writing manifest file '../../build/launch_tutorial/launch_tutorial.egg-info/SOURCES.txt'
[3.417s] running build
[3.417s] running build_py
[3.420s] running install
[3.421s] /usr/lib/python3/dist-packages/setuptools/command/install.py:34: SetuptoolsDeprecationWarning: setup.py install is deprecated. Use build and pip and other standards-based tools.
[3.422s]   warnings.warn(
[3.423s] running install_lib
[3.427s] running install_data
[3.429s] copying launch/example_substitutions.launch.py -> /home/allsparknouvaneonss/Desktop/del_launch_ws/install/launch_tutorial/share/launch_tutorial/launch
[3.430s] running install_egg_info
[3.441s] removing '/home/allsparknouvaneonss/Desktop/del_launch_ws/install/launch_tutorial/lib/python3.10/site-packages/launch_tutorial-0.0.0-py3.10.egg-info' (and everything under it)
[3.442s] Copying ../../build/launch_tutorial/launch_tutorial.egg-info to /home/allsparknouvaneonss/Desktop/del_launch_ws/install/launch_tutorial/lib/python3.10/site-packages/launch_tutorial-0.0.0-py3.10.egg-info
[3.445s] running install_scripts
[3.512s] writing list of installed files to '/home/allsparknouvaneonss/Desktop/del_launch_ws/build/launch_tutorial/install.log'
[3.633s] Invoked command in '/home/allsparknouvaneonss/Desktop/del_launch_ws/src/launch_tutorial' returned '0': PYTHONPATH=/home/allsparknouvaneonss/Desktop/del_launch_ws/build/launch_tutorial/prefix_override:/home/allsparknouvaneonss/Desktop/del_launch_ws/install/launch_tutorial/lib/python3.10/site-packages:${PYTHONPATH} /usr/bin/python3 setup.py egg_info --egg-base ../../build/launch_tutorial build --build-base /home/allsparknouvaneonss/Desktop/del_launch_ws/build/launch_tutorial/build install --record /home/allsparknouvaneonss/Desktop/del_launch_ws/build/launch_tutorial/install.log --single-version-externally-managed
