[0.364s] Invoking command in '/home/allsparknouvaneonss/Desktop/del_launch_ws/build/c_launch': CMAKE_PREFIX_PATH=/opt/ros/humble /usr/bin/cmake /home/allsparknouvaneonss/Desktop/del_launch_ws/src/c_launch -DCMAKE_INSTALL_PREFIX=/home/allsparknouvaneonss/Desktop/del_launch_ws/install/c_launch
[3.420s] -- The C compiler identification is GNU 11.4.0
[5.230s] -- The CXX compiler identification is GNU 11.4.0
[5.855s] -- Detecting C compiler ABI info
[6.497s] -- Detecting C compiler ABI info - done
[6.513s] -- Check for working C compiler: /usr/bin/cc - skipped
[6.520s] -- Detecting C compile features
[6.529s] -- Detecting C compile features - done
[6.599s] -- Detecting CXX compiler ABI info
[6.856s] -- Detecting CXX compiler ABI info - done
[6.903s] -- Check for working CXX compiler: /usr/bin/c++ - skipped
[6.903s] -- Detecting CXX compile features
[6.904s] -- Detecting CXX compile features - done
[7.216s] -- Found ament_cmake: 1.3.6 (/opt/ros/humble/share/ament_cmake/cmake)
[7.979s] -- Found Python3: /usr/bin/python3.10 (found version "3.10.12") found components: Interpreter 
[9.283s] -- Configuring done
[9.283s] -- Generating done
[9.283s] -- Build files have been written to: /home/allsparknouvaneonss/Desktop/del_launch_ws/build/c_launch
[9.488s] Invoked command in '/home/allsparknouvaneonss/Desktop/del_launch_ws/build/c_launch' returned '0': CMAKE_PREFIX_PATH=/opt/ros/humble /usr/bin/cmake /home/allsparknouvaneonss/Desktop/del_launch_ws/src/c_launch -DCMAKE_INSTALL_PREFIX=/home/allsparknouvaneonss/Desktop/del_launch_ws/install/c_launch
[9.490s] Invoking command in '/home/allsparknouvaneonss/Desktop/del_launch_ws/build/c_launch': CMAKE_PREFIX_PATH=/opt/ros/humble /usr/bin/cmake --build /home/allsparknouvaneonss/Desktop/del_launch_ws/build/c_launch -- -j2 -l2
[9.562s] Invoked command in '/home/allsparknouvaneonss/Desktop/del_launch_ws/build/c_launch' returned '0': CMAKE_PREFIX_PATH=/opt/ros/humble /usr/bin/cmake --build /home/allsparknouvaneonss/Desktop/del_launch_ws/build/c_launch -- -j2 -l2
[9.680s] Invoking command in '/home/allsparknouvaneonss/Desktop/del_launch_ws/build/c_launch': CMAKE_PREFIX_PATH=/opt/ros/humble /usr/bin/cmake --install /home/allsparknouvaneonss/Desktop/del_launch_ws/build/c_launch
[9.704s] -- Install configuration: ""
[9.705s] [31mCMake Error at cmake_install.cmake:46 (file):
[9.705s]   file INSTALL cannot find
[9.705s]   "/home/allsparknouvaneonss/Desktop/del_launch_ws/src/c_launch/launch": No
[9.705s]   such file or directory.
[9.705s] 
[9.711s] [0m
[9.711s] Invoked command in '/home/allsparknouvaneonss/Desktop/del_launch_ws/build/c_launch' returned '1': CMAKE_PREFIX_PATH=/opt/ros/humble /usr/bin/cmake --install /home/allsparknouvaneonss/Desktop/del_launch_ws/build/c_launch
