[2.172s] DEBUG:colcon:Command line arguments: ['/usr/bin/colcon', 'build']
[2.172s] DEBUG:colcon:Parsed command line arguments: Namespace(log_base=None, log_level=None, verb_name='build', build_base='build', install_base='install', merge_install=False, symlink_install=False, test_result_base=None, continue_on_error=False, executor='parallel', parallel_workers=2, event_handlers=None, ignore_user_meta=False, metas=['./colcon.meta'], base_paths=['.'], packages_ignore=None, packages_ignore_regex=None, paths=None, packages_up_to=None, packages_up_to_regex=None, packages_above=None, packages_above_and_dependencies=None, packages_above_depth=None, packages_select_by_dep=None, packages_skip_by_dep=None, packages_skip_up_to=None, packages_select_build_failed=False, packages_skip_build_finished=False, packages_select_test_failures=False, packages_skip_test_passed=False, packages_select=None, packages_skip=None, packages_select_regex=None, packages_skip_regex=None, packages_start=None, packages_end=None, allow_overriding=[], cmake_args=None, cmake_target=None, cmake_target_skip_unavailable=False, cmake_clean_cache=False, cmake_clean_first=False, cmake_force_configure=False, ament_cmake_args=None, catkin_cmake_args=None, catkin_skip_building_tests=False, verb_parser=<colcon_defaults.argument_parser.defaults.DefaultArgumentsDecorator object at 0x7f1f2ef23e80>, verb_extension=<colcon_core.verb.build.BuildVerb object at 0x7f1f2f39fd90>, main=<bound method BuildVerb.main of <colcon_core.verb.build.BuildVerb object at 0x7f1f2f39fd90>>)
[2.256s] Level 1:colcon.colcon_core.package_discovery:discover_packages(colcon_meta) check parameters
[2.257s] Level 1:colcon.colcon_core.package_discovery:discover_packages(recursive) check parameters
[2.257s] Level 1:colcon.colcon_core.package_discovery:discover_packages(ignore) check parameters
[2.257s] Level 1:colcon.colcon_core.package_discovery:discover_packages(path) check parameters
[2.258s] Level 1:colcon.colcon_core.package_discovery:discover_packages(colcon_meta) discover
[2.258s] Level 1:colcon.colcon_core.package_discovery:discover_packages(recursive) discover
[2.258s] INFO:colcon.colcon_core.package_discovery:Crawling recursively for packages in '/home/allsparknouvaneonss/Desktop/del_launch_ws'
[2.258s] Level 1:colcon.colcon_core.package_identification:_identify(.) by extensions ['ignore', 'ignore_ament_install']
[2.259s] Level 1:colcon.colcon_core.package_identification:_identify(.) by extension 'ignore'
[2.259s] Level 1:colcon.colcon_core.package_identification:_identify(.) by extension 'ignore_ament_install'
[2.259s] Level 1:colcon.colcon_core.package_identification:_identify(.) by extensions ['colcon_pkg']
[2.259s] Level 1:colcon.colcon_core.package_identification:_identify(.) by extension 'colcon_pkg'
[2.260s] Level 1:colcon.colcon_core.package_identification:_identify(.) by extensions ['colcon_meta']
[2.260s] Level 1:colcon.colcon_core.package_identification:_identify(.) by extension 'colcon_meta'
[2.260s] Level 1:colcon.colcon_core.package_identification:_identify(.) by extensions ['ros']
[2.260s] Level 1:colcon.colcon_core.package_identification:_identify(.) by extension 'ros'
[2.284s] Level 1:colcon.colcon_core.package_identification:_identify(.) by extensions ['cmake', 'python']
[2.285s] Level 1:colcon.colcon_core.package_identification:_identify(.) by extension 'cmake'
[2.285s] Level 1:colcon.colcon_core.package_identification:_identify(.) by extension 'python'
[2.285s] Level 1:colcon.colcon_core.package_identification:_identify(.) by extensions ['python_setup_py']
[2.285s] Level 1:colcon.colcon_core.package_identification:_identify(.) by extension 'python_setup_py'
[2.286s] Level 1:colcon.colcon_core.package_identification:_identify(build) by extensions ['ignore', 'ignore_ament_install']
[2.286s] Level 1:colcon.colcon_core.package_identification:_identify(build) by extension 'ignore'
[2.286s] Level 1:colcon.colcon_core.package_identification:_identify(build) ignored
[2.286s] Level 1:colcon.colcon_core.package_identification:_identify(install) by extensions ['ignore', 'ignore_ament_install']
[2.287s] Level 1:colcon.colcon_core.package_identification:_identify(install) by extension 'ignore'
[2.287s] Level 1:colcon.colcon_core.package_identification:_identify(install) ignored
[2.287s] Level 1:colcon.colcon_core.package_identification:_identify(log) by extensions ['ignore', 'ignore_ament_install']
[2.287s] Level 1:colcon.colcon_core.package_identification:_identify(log) by extension 'ignore'
[2.288s] Level 1:colcon.colcon_core.package_identification:_identify(log) ignored
[2.288s] Level 1:colcon.colcon_core.package_identification:_identify(src) by extensions ['ignore', 'ignore_ament_install']
[2.288s] Level 1:colcon.colcon_core.package_identification:_identify(src) by extension 'ignore'
[2.288s] Level 1:colcon.colcon_core.package_identification:_identify(src) by extension 'ignore_ament_install'
[2.289s] Level 1:colcon.colcon_core.package_identification:_identify(src) by extensions ['colcon_pkg']
[2.289s] Level 1:colcon.colcon_core.package_identification:_identify(src) by extension 'colcon_pkg'
[2.289s] Level 1:colcon.colcon_core.package_identification:_identify(src) by extensions ['colcon_meta']
[2.289s] Level 1:colcon.colcon_core.package_identification:_identify(src) by extension 'colcon_meta'
[2.289s] Level 1:colcon.colcon_core.package_identification:_identify(src) by extensions ['ros']
[2.290s] Level 1:colcon.colcon_core.package_identification:_identify(src) by extension 'ros'
[2.290s] Level 1:colcon.colcon_core.package_identification:_identify(src) by extensions ['cmake', 'python']
[2.290s] Level 1:colcon.colcon_core.package_identification:_identify(src) by extension 'cmake'
[2.290s] Level 1:colcon.colcon_core.package_identification:_identify(src) by extension 'python'
[2.290s] Level 1:colcon.colcon_core.package_identification:_identify(src) by extensions ['python_setup_py']
[2.291s] Level 1:colcon.colcon_core.package_identification:_identify(src) by extension 'python_setup_py'
[2.291s] Level 1:colcon.colcon_core.package_identification:_identify(src/c_launch) by extensions ['ignore', 'ignore_ament_install']
[2.291s] Level 1:colcon.colcon_core.package_identification:_identify(src/c_launch) by extension 'ignore'
[2.291s] Level 1:colcon.colcon_core.package_identification:_identify(src/c_launch) by extension 'ignore_ament_install'
[2.292s] Level 1:colcon.colcon_core.package_identification:_identify(src/c_launch) by extensions ['colcon_pkg']
[2.292s] Level 1:colcon.colcon_core.package_identification:_identify(src/c_launch) by extension 'colcon_pkg'
[2.292s] Level 1:colcon.colcon_core.package_identification:_identify(src/c_launch) by extensions ['colcon_meta']
[2.292s] Level 1:colcon.colcon_core.package_identification:_identify(src/c_launch) by extension 'colcon_meta'
[2.292s] Level 1:colcon.colcon_core.package_identification:_identify(src/c_launch) by extensions ['ros']
[2.293s] Level 1:colcon.colcon_core.package_identification:_identify(src/c_launch) by extension 'ros'
[2.297s] DEBUG:colcon.colcon_core.package_identification:Package 'src/c_launch' with type 'ros.ament_cmake' and name 'c_launch'
[2.297s] Level 1:colcon.colcon_core.package_identification:_identify(src/launch_tutorial) by extensions ['ignore', 'ignore_ament_install']
[2.297s] Level 1:colcon.colcon_core.package_identification:_identify(src/launch_tutorial) by extension 'ignore'
[2.298s] Level 1:colcon.colcon_core.package_identification:_identify(src/launch_tutorial) by extension 'ignore_ament_install'
[2.298s] Level 1:colcon.colcon_core.package_identification:_identify(src/launch_tutorial) by extensions ['colcon_pkg']
[2.298s] Level 1:colcon.colcon_core.package_identification:_identify(src/launch_tutorial) by extension 'colcon_pkg'
[2.298s] Level 1:colcon.colcon_core.package_identification:_identify(src/launch_tutorial) by extensions ['colcon_meta']
[2.298s] Level 1:colcon.colcon_core.package_identification:_identify(src/launch_tutorial) by extension 'colcon_meta'
[2.299s] Level 1:colcon.colcon_core.package_identification:_identify(src/launch_tutorial) by extensions ['ros']
[2.299s] Level 1:colcon.colcon_core.package_identification:_identify(src/launch_tutorial) by extension 'ros'
[2.300s] DEBUG:colcon.colcon_core.package_identification:Package 'src/launch_tutorial' with type 'ros.ament_python' and name 'launch_tutorial'
[2.300s] Level 1:colcon.colcon_core.package_identification:_identify(src/py_launch) by extensions ['ignore', 'ignore_ament_install']
[2.301s] Level 1:colcon.colcon_core.package_identification:_identify(src/py_launch) by extension 'ignore'
[2.301s] Level 1:colcon.colcon_core.package_identification:_identify(src/py_launch) by extension 'ignore_ament_install'
[2.301s] Level 1:colcon.colcon_core.package_identification:_identify(src/py_launch) by extensions ['colcon_pkg']
[2.301s] Level 1:colcon.colcon_core.package_identification:_identify(src/py_launch) by extension 'colcon_pkg'
[2.302s] Level 1:colcon.colcon_core.package_identification:_identify(src/py_launch) by extensions ['colcon_meta']
[2.302s] Level 1:colcon.colcon_core.package_identification:_identify(src/py_launch) by extension 'colcon_meta'
[2.302s] Level 1:colcon.colcon_core.package_identification:_identify(src/py_launch) by extensions ['ros']
[2.302s] Level 1:colcon.colcon_core.package_identification:_identify(src/py_launch) by extension 'ros'
[2.304s] DEBUG:colcon.colcon_core.package_identification:Package 'src/py_launch' with type 'ros.ament_python' and name 'py_launch'
[2.304s] Level 1:colcon.colcon_core.package_discovery:discover_packages(recursive) using defaults
[2.304s] Level 1:colcon.colcon_core.package_discovery:discover_packages(ignore) discover
[2.304s] Level 1:colcon.colcon_core.package_discovery:discover_packages(ignore) using defaults
[2.304s] Level 1:colcon.colcon_core.package_discovery:discover_packages(path) discover
[2.305s] Level 1:colcon.colcon_core.package_discovery:discover_packages(path) using defaults
[2.494s] Level 1:colcon.colcon_core.package_discovery:discover_packages(prefix_path) check parameters
[2.494s] Level 1:colcon.colcon_core.package_discovery:discover_packages(prefix_path) discover
[2.763s] DEBUG:colcon.colcon_installed_package_information.package_discovery:Found 270 installed packages in /opt/ros/humble
[2.767s] Level 1:colcon.colcon_core.package_discovery:discover_packages(prefix_path) using defaults
[3.016s] Level 5:colcon.colcon_core.verb:set package 'c_launch' build argument 'cmake_args' from command line to 'None'
[3.016s] Level 5:colcon.colcon_core.verb:set package 'c_launch' build argument 'cmake_target' from command line to 'None'
[3.016s] Level 5:colcon.colcon_core.verb:set package 'c_launch' build argument 'cmake_target_skip_unavailable' from command line to 'False'
[3.016s] Level 5:colcon.colcon_core.verb:set package 'c_launch' build argument 'cmake_clean_cache' from command line to 'False'
[3.016s] Level 5:colcon.colcon_core.verb:set package 'c_launch' build argument 'cmake_clean_first' from command line to 'False'
[3.016s] Level 5:colcon.colcon_core.verb:set package 'c_launch' build argument 'cmake_force_configure' from command line to 'False'
[3.016s] Level 5:colcon.colcon_core.verb:set package 'c_launch' build argument 'ament_cmake_args' from command line to 'None'
[3.017s] Level 5:colcon.colcon_core.verb:set package 'c_launch' build argument 'catkin_cmake_args' from command line to 'None'
[3.017s] Level 5:colcon.colcon_core.verb:set package 'c_launch' build argument 'catkin_skip_building_tests' from command line to 'False'
[3.017s] DEBUG:colcon.colcon_core.verb:Building package 'c_launch' with the following arguments: {'ament_cmake_args': None, 'build_base': '/home/allsparknouvaneonss/Desktop/del_launch_ws/build/c_launch', 'catkin_cmake_args': None, 'catkin_skip_building_tests': False, 'cmake_args': None, 'cmake_clean_cache': False, 'cmake_clean_first': False, 'cmake_force_configure': False, 'cmake_target': None, 'cmake_target_skip_unavailable': False, 'install_base': '/home/allsparknouvaneonss/Desktop/del_launch_ws/install/c_launch', 'merge_install': False, 'path': '/home/allsparknouvaneonss/Desktop/del_launch_ws/src/c_launch', 'symlink_install': False, 'test_result_base': None}
[3.048s] Level 5:colcon.colcon_core.verb:set package 'launch_tutorial' build argument 'cmake_args' from command line to 'None'
[3.049s] Level 5:colcon.colcon_core.verb:set package 'launch_tutorial' build argument 'cmake_target' from command line to 'None'
[3.049s] Level 5:colcon.colcon_core.verb:set package 'launch_tutorial' build argument 'cmake_target_skip_unavailable' from command line to 'False'
[3.049s] Level 5:colcon.colcon_core.verb:set package 'launch_tutorial' build argument 'cmake_clean_cache' from command line to 'False'
[3.049s] Level 5:colcon.colcon_core.verb:set package 'launch_tutorial' build argument 'cmake_clean_first' from command line to 'False'
[3.049s] Level 5:colcon.colcon_core.verb:set package 'launch_tutorial' build argument 'cmake_force_configure' from command line to 'False'
[3.049s] Level 5:colcon.colcon_core.verb:set package 'launch_tutorial' build argument 'ament_cmake_args' from command line to 'None'
[3.049s] Level 5:colcon.colcon_core.verb:set package 'launch_tutorial' build argument 'catkin_cmake_args' from command line to 'None'
[3.049s] Level 5:colcon.colcon_core.verb:set package 'launch_tutorial' build argument 'catkin_skip_building_tests' from command line to 'False'
[3.049s] DEBUG:colcon.colcon_core.verb:Building package 'launch_tutorial' with the following arguments: {'ament_cmake_args': None, 'build_base': '/home/allsparknouvaneonss/Desktop/del_launch_ws/build/launch_tutorial', 'catkin_cmake_args': None, 'catkin_skip_building_tests': False, 'cmake_args': None, 'cmake_clean_cache': False, 'cmake_clean_first': False, 'cmake_force_configure': False, 'cmake_target': None, 'cmake_target_skip_unavailable': False, 'install_base': '/home/allsparknouvaneonss/Desktop/del_launch_ws/install/launch_tutorial', 'merge_install': False, 'path': '/home/allsparknouvaneonss/Desktop/del_launch_ws/src/launch_tutorial', 'symlink_install': False, 'test_result_base': None}
[3.075s] Level 5:colcon.colcon_core.verb:set package 'py_launch' build argument 'cmake_args' from command line to 'None'
[3.075s] Level 5:colcon.colcon_core.verb:set package 'py_launch' build argument 'cmake_target' from command line to 'None'
[3.075s] Level 5:colcon.colcon_core.verb:set package 'py_launch' build argument 'cmake_target_skip_unavailable' from command line to 'False'
[3.075s] Level 5:colcon.colcon_core.verb:set package 'py_launch' build argument 'cmake_clean_cache' from command line to 'False'
[3.075s] Level 5:colcon.colcon_core.verb:set package 'py_launch' build argument 'cmake_clean_first' from command line to 'False'
[3.075s] Level 5:colcon.colcon_core.verb:set package 'py_launch' build argument 'cmake_force_configure' from command line to 'False'
[3.075s] Level 5:colcon.colcon_core.verb:set package 'py_launch' build argument 'ament_cmake_args' from command line to 'None'
[3.075s] Level 5:colcon.colcon_core.verb:set package 'py_launch' build argument 'catkin_cmake_args' from command line to 'None'
[3.075s] Level 5:colcon.colcon_core.verb:set package 'py_launch' build argument 'catkin_skip_building_tests' from command line to 'False'
[3.075s] DEBUG:colcon.colcon_core.verb:Building package 'py_launch' with the following arguments: {'ament_cmake_args': None, 'build_base': '/home/allsparknouvaneonss/Desktop/del_launch_ws/build/py_launch', 'catkin_cmake_args': None, 'catkin_skip_building_tests': False, 'cmake_args': None, 'cmake_clean_cache': False, 'cmake_clean_first': False, 'cmake_force_configure': False, 'cmake_target': None, 'cmake_target_skip_unavailable': False, 'install_base': '/home/allsparknouvaneonss/Desktop/del_launch_ws/install/py_launch', 'merge_install': False, 'path': '/home/allsparknouvaneonss/Desktop/del_launch_ws/src/py_launch', 'symlink_install': False, 'test_result_base': None}
[3.099s] INFO:colcon.colcon_core.executor:Executing jobs using 'parallel' executor
[3.125s] DEBUG:colcon.colcon_parallel_executor.executor.parallel:run_until_complete
[3.126s] INFO:colcon.colcon_ros.task.ament_cmake.build:Building ROS package in '/home/allsparknouvaneonss/Desktop/del_launch_ws/src/c_launch' with build type 'ament_cmake'
[3.126s] INFO:colcon.colcon_cmake.task.cmake.build:Building CMake package in '/home/allsparknouvaneonss/Desktop/del_launch_ws/src/c_launch'
[3.201s] INFO:colcon.colcon_core.plugin_system:Skipping extension 'colcon_core.shell.bat': Not used on non-Windows systems
[3.201s] INFO:colcon.colcon_core.shell:Skip shell extension 'powershell' for command environment: Not usable outside of PowerShell
[3.201s] DEBUG:colcon.colcon_core.shell:Skip shell extension 'dsv' for command environment
[3.283s] INFO:colcon.colcon_ros.task.ament_python.build:Building ROS package in '/home/allsparknouvaneonss/Desktop/del_launch_ws/src/launch_tutorial' with build type 'ament_python'
[3.283s] Level 1:colcon.colcon_core.shell:create_environment_hook('launch_tutorial', 'ament_prefix_path')
[3.313s] INFO:colcon.colcon_core.shell:Creating environment hook '/home/allsparknouvaneonss/Desktop/del_launch_ws/install/launch_tutorial/share/launch_tutorial/hook/ament_prefix_path.ps1'
[3.340s] INFO:colcon.colcon_core.shell:Creating environment descriptor '/home/allsparknouvaneonss/Desktop/del_launch_ws/install/launch_tutorial/share/launch_tutorial/hook/ament_prefix_path.dsv'
[3.348s] INFO:colcon.colcon_core.shell:Creating environment hook '/home/allsparknouvaneonss/Desktop/del_launch_ws/install/launch_tutorial/share/launch_tutorial/hook/ament_prefix_path.sh'
[3.449s] INFO:colcon.colcon_core.shell:Skip shell extension 'powershell' for command environment: Not usable outside of PowerShell
[3.449s] DEBUG:colcon.colcon_core.shell:Skip shell extension 'dsv' for command environment
[3.649s] DEBUG:colcon.colcon_core.event_handler.log_command:Invoking command in '/home/allsparknouvaneonss/Desktop/del_launch_ws/build/c_launch': CMAKE_PREFIX_PATH=/opt/ros/humble /usr/bin/cmake --build /home/allsparknouvaneonss/Desktop/del_launch_ws/build/c_launch -- -j2 -l2
[4.532s] INFO:colcon.colcon_core.task.python.build:Building Python package in '/home/allsparknouvaneonss/Desktop/del_launch_ws/src/launch_tutorial'
[4.572s] INFO:colcon.colcon_core.shell:Skip shell extension 'powershell' for command environment: Not usable outside of PowerShell
[4.572s] DEBUG:colcon.colcon_core.shell:Skip shell extension 'dsv' for command environment
[4.627s] DEBUG:colcon.colcon_core.event_handler.log_command:Invoked command in '/home/allsparknouvaneonss/Desktop/del_launch_ws/build/c_launch' returned '0': CMAKE_PREFIX_PATH=/opt/ros/humble /usr/bin/cmake --build /home/allsparknouvaneonss/Desktop/del_launch_ws/build/c_launch -- -j2 -l2
[4.719s] DEBUG:colcon.colcon_core.event_handler.log_command:Invoking command in '/home/allsparknouvaneonss/Desktop/del_launch_ws/build/c_launch': CMAKE_PREFIX_PATH=/opt/ros/humble /usr/bin/cmake --install /home/allsparknouvaneonss/Desktop/del_launch_ws/build/c_launch
[4.899s] Level 1:colcon.colcon_core.environment:create_environment_scripts_only(c_launch)
[4.905s] DEBUG:colcon.colcon_core.event_handler.log_command:Invoked command in '/home/allsparknouvaneonss/Desktop/del_launch_ws/build/c_launch' returned '0': CMAKE_PREFIX_PATH=/opt/ros/humble /usr/bin/cmake --install /home/allsparknouvaneonss/Desktop/del_launch_ws/build/c_launch
[5.131s] Level 1:colcon.colcon_core.environment:checking '/home/allsparknouvaneonss/Desktop/del_launch_ws/install/c_launch' for CMake module files
[5.132s] Level 1:colcon.colcon_core.environment:checking '/home/allsparknouvaneonss/Desktop/del_launch_ws/install/c_launch' for CMake config files
[5.132s] Level 1:colcon.colcon_core.shell:create_environment_hook('c_launch', 'cmake_prefix_path')
[5.233s] INFO:colcon.colcon_core.shell:Creating environment hook '/home/allsparknouvaneonss/Desktop/del_launch_ws/install/c_launch/share/c_launch/hook/cmake_prefix_path.ps1'
[5.241s] INFO:colcon.colcon_core.shell:Creating environment descriptor '/home/allsparknouvaneonss/Desktop/del_launch_ws/install/c_launch/share/c_launch/hook/cmake_prefix_path.dsv'
[5.242s] INFO:colcon.colcon_core.shell:Creating environment hook '/home/allsparknouvaneonss/Desktop/del_launch_ws/install/c_launch/share/c_launch/hook/cmake_prefix_path.sh'
[5.250s] Level 1:colcon.colcon_core.environment:checking '/home/allsparknouvaneonss/Desktop/del_launch_ws/install/c_launch/bin'
[5.253s] Level 1:colcon.colcon_core.environment:checking '/home/allsparknouvaneonss/Desktop/del_launch_ws/install/c_launch/lib/pkgconfig/c_launch.pc'
[5.254s] Level 1:colcon.colcon_core.environment:checking '/home/allsparknouvaneonss/Desktop/del_launch_ws/install/c_launch/lib/python3.10/site-packages'
[5.254s] Level 1:colcon.colcon_core.environment:checking '/home/allsparknouvaneonss/Desktop/del_launch_ws/install/c_launch/bin'
[5.347s] INFO:colcon.colcon_core.shell:Creating package script '/home/allsparknouvaneonss/Desktop/del_launch_ws/install/c_launch/share/c_launch/package.ps1'
[5.358s] INFO:colcon.colcon_core.shell:Creating package descriptor '/home/allsparknouvaneonss/Desktop/del_launch_ws/install/c_launch/share/c_launch/package.dsv'
[5.369s] INFO:colcon.colcon_core.shell:Creating package script '/home/allsparknouvaneonss/Desktop/del_launch_ws/install/c_launch/share/c_launch/package.sh'
[5.371s] INFO:colcon.colcon_core.shell:Creating package script '/home/allsparknouvaneonss/Desktop/del_launch_ws/install/c_launch/share/c_launch/package.bash'
[5.376s] INFO:colcon.colcon_core.shell:Creating package script '/home/allsparknouvaneonss/Desktop/del_launch_ws/install/c_launch/share/c_launch/package.zsh'
[5.385s] Level 1:colcon.colcon_core.environment:create_file_with_runtime_dependencies(/home/allsparknouvaneonss/Desktop/del_launch_ws/install/c_launch/share/colcon-core/packages/c_launch)
[5.620s] Level 1:colcon.colcon_core.environment:create_environment_scripts_only(c_launch)
[5.646s] Level 1:colcon.colcon_core.environment:checking '/home/allsparknouvaneonss/Desktop/del_launch_ws/install/c_launch' for CMake module files
[5.648s] Level 1:colcon.colcon_core.environment:checking '/home/allsparknouvaneonss/Desktop/del_launch_ws/install/c_launch' for CMake config files
[5.648s] Level 1:colcon.colcon_core.shell:create_environment_hook('c_launch', 'cmake_prefix_path')
[5.673s] INFO:colcon.colcon_core.shell:Creating environment hook '/home/allsparknouvaneonss/Desktop/del_launch_ws/install/c_launch/share/c_launch/hook/cmake_prefix_path.ps1'
[5.675s] INFO:colcon.colcon_core.shell:Creating environment descriptor '/home/allsparknouvaneonss/Desktop/del_launch_ws/install/c_launch/share/c_launch/hook/cmake_prefix_path.dsv'
[5.676s] INFO:colcon.colcon_core.shell:Creating environment hook '/home/allsparknouvaneonss/Desktop/del_launch_ws/install/c_launch/share/c_launch/hook/cmake_prefix_path.sh'
[5.677s] Level 1:colcon.colcon_core.environment:checking '/home/allsparknouvaneonss/Desktop/del_launch_ws/install/c_launch/bin'
[5.678s] Level 1:colcon.colcon_core.environment:checking '/home/allsparknouvaneonss/Desktop/del_launch_ws/install/c_launch/lib/pkgconfig/c_launch.pc'
[5.678s] Level 1:colcon.colcon_core.environment:checking '/home/allsparknouvaneonss/Desktop/del_launch_ws/install/c_launch/lib/python3.10/site-packages'
[5.679s] Level 1:colcon.colcon_core.environment:checking '/home/allsparknouvaneonss/Desktop/del_launch_ws/install/c_launch/bin'
[5.705s] INFO:colcon.colcon_core.shell:Creating package script '/home/allsparknouvaneonss/Desktop/del_launch_ws/install/c_launch/share/c_launch/package.ps1'
[5.707s] INFO:colcon.colcon_core.shell:Creating package descriptor '/home/allsparknouvaneonss/Desktop/del_launch_ws/install/c_launch/share/c_launch/package.dsv'
[5.710s] INFO:colcon.colcon_core.shell:Creating package script '/home/allsparknouvaneonss/Desktop/del_launch_ws/install/c_launch/share/c_launch/package.sh'
[5.712s] INFO:colcon.colcon_core.shell:Creating package script '/home/allsparknouvaneonss/Desktop/del_launch_ws/install/c_launch/share/c_launch/package.bash'
[5.713s] INFO:colcon.colcon_core.shell:Creating package script '/home/allsparknouvaneonss/Desktop/del_launch_ws/install/c_launch/share/c_launch/package.zsh'
[5.715s] Level 1:colcon.colcon_core.environment:create_file_with_runtime_dependencies(/home/allsparknouvaneonss/Desktop/del_launch_ws/install/c_launch/share/colcon-core/packages/c_launch)
[5.717s] INFO:colcon.colcon_ros.task.ament_python.build:Building ROS package in '/home/allsparknouvaneonss/Desktop/del_launch_ws/src/py_launch' with build type 'ament_python'
[5.718s] Level 1:colcon.colcon_core.shell:create_environment_hook('py_launch', 'ament_prefix_path')
[5.756s] INFO:colcon.colcon_core.shell:Creating environment hook '/home/allsparknouvaneonss/Desktop/del_launch_ws/install/py_launch/share/py_launch/hook/ament_prefix_path.ps1'
[5.758s] INFO:colcon.colcon_core.shell:Creating environment descriptor '/home/allsparknouvaneonss/Desktop/del_launch_ws/install/py_launch/share/py_launch/hook/ament_prefix_path.dsv'
[5.759s] INFO:colcon.colcon_core.shell:Creating environment hook '/home/allsparknouvaneonss/Desktop/del_launch_ws/install/py_launch/share/py_launch/hook/ament_prefix_path.sh'
[5.790s] INFO:colcon.colcon_core.shell:Skip shell extension 'powershell' for command environment: Not usable outside of PowerShell
[5.791s] DEBUG:colcon.colcon_core.shell:Skip shell extension 'dsv' for command environment
[6.398s] INFO:colcon.colcon_core.task.python.build:Building Python package in '/home/allsparknouvaneonss/Desktop/del_launch_ws/src/py_launch'
[6.426s] INFO:colcon.colcon_core.shell:Skip shell extension 'powershell' for command environment: Not usable outside of PowerShell
[6.426s] DEBUG:colcon.colcon_core.shell:Skip shell extension 'dsv' for command environment
[7.928s] DEBUG:colcon.colcon_core.event_handler.log_command:Invoking command in '/home/allsparknouvaneonss/Desktop/del_launch_ws/src/py_launch': PYTHONPATH=/home/allsparknouvaneonss/Desktop/del_launch_ws/build/py_launch/prefix_override:/home/allsparknouvaneonss/Desktop/del_launch_ws/install/py_launch/lib/python3.10/site-packages:${PYTHONPATH} /usr/bin/python3 setup.py egg_info --egg-base ../../build/py_launch build --build-base /home/allsparknouvaneonss/Desktop/del_launch_ws/build/py_launch/build install --record /home/allsparknouvaneonss/Desktop/del_launch_ws/build/py_launch/install.log --single-version-externally-managed
[7.941s] DEBUG:colcon.colcon_core.event_handler.log_command:Invoking command in '/home/allsparknouvaneonss/Desktop/del_launch_ws/src/launch_tutorial': PYTHONPATH=/home/allsparknouvaneonss/Desktop/del_launch_ws/build/launch_tutorial/prefix_override:/home/allsparknouvaneonss/Desktop/del_launch_ws/install/launch_tutorial/lib/python3.10/site-packages:${PYTHONPATH} /usr/bin/python3 setup.py egg_info --egg-base ../../build/launch_tutorial build --build-base /home/allsparknouvaneonss/Desktop/del_launch_ws/build/launch_tutorial/build install --record /home/allsparknouvaneonss/Desktop/del_launch_ws/build/launch_tutorial/install.log --single-version-externally-managed
[8.908s] DEBUG:colcon.colcon_core.event_handler.log_command:Invoked command in '/home/allsparknouvaneonss/Desktop/del_launch_ws/src/py_launch' returned '0': PYTHONPATH=/home/allsparknouvaneonss/Desktop/del_launch_ws/build/py_launch/prefix_override:/home/allsparknouvaneonss/Desktop/del_launch_ws/install/py_launch/lib/python3.10/site-packages:${PYTHONPATH} /usr/bin/python3 setup.py egg_info --egg-base ../../build/py_launch build --build-base /home/allsparknouvaneonss/Desktop/del_launch_ws/build/py_launch/build install --record /home/allsparknouvaneonss/Desktop/del_launch_ws/build/py_launch/install.log --single-version-externally-managed
[8.940s] Level 1:colcon.colcon_core.environment:checking '/home/allsparknouvaneonss/Desktop/del_launch_ws/install/py_launch' for CMake module files
[8.941s] Level 1:colcon.colcon_core.environment:checking '/home/allsparknouvaneonss/Desktop/del_launch_ws/install/py_launch' for CMake config files
[8.942s] Level 1:colcon.colcon_core.environment:checking '/home/allsparknouvaneonss/Desktop/del_launch_ws/install/py_launch/lib'
[8.942s] Level 1:colcon.colcon_core.environment:checking '/home/allsparknouvaneonss/Desktop/del_launch_ws/install/py_launch/bin'
[8.943s] Level 1:colcon.colcon_core.environment:checking '/home/allsparknouvaneonss/Desktop/del_launch_ws/install/py_launch/lib/pkgconfig/py_launch.pc'
[8.943s] Level 1:colcon.colcon_core.environment:checking '/home/allsparknouvaneonss/Desktop/del_launch_ws/install/py_launch/lib/python3.10/site-packages'
[8.943s] Level 1:colcon.colcon_core.shell:create_environment_hook('py_launch', 'pythonpath')
[9.012s] INFO:colcon.colcon_core.shell:Creating environment hook '/home/allsparknouvaneonss/Desktop/del_launch_ws/install/py_launch/share/py_launch/hook/pythonpath.ps1'
[9.017s] INFO:colcon.colcon_core.shell:Creating environment descriptor '/home/allsparknouvaneonss/Desktop/del_launch_ws/install/py_launch/share/py_launch/hook/pythonpath.dsv'
[9.018s] INFO:colcon.colcon_core.shell:Creating environment hook '/home/allsparknouvaneonss/Desktop/del_launch_ws/install/py_launch/share/py_launch/hook/pythonpath.sh'
[9.023s] Level 1:colcon.colcon_core.environment:checking '/home/allsparknouvaneonss/Desktop/del_launch_ws/install/py_launch/bin'
[9.024s] Level 1:colcon.colcon_core.environment:create_environment_scripts_only(py_launch)
[9.056s] INFO:colcon.colcon_core.shell:Creating package script '/home/allsparknouvaneonss/Desktop/del_launch_ws/install/py_launch/share/py_launch/package.ps1'
[9.058s] INFO:colcon.colcon_core.shell:Creating package descriptor '/home/allsparknouvaneonss/Desktop/del_launch_ws/install/py_launch/share/py_launch/package.dsv'
[9.059s] INFO:colcon.colcon_core.shell:Creating package script '/home/allsparknouvaneonss/Desktop/del_launch_ws/install/py_launch/share/py_launch/package.sh'
[9.062s] INFO:colcon.colcon_core.shell:Creating package script '/home/allsparknouvaneonss/Desktop/del_launch_ws/install/py_launch/share/py_launch/package.bash'
[9.063s] INFO:colcon.colcon_core.shell:Creating package script '/home/allsparknouvaneonss/Desktop/del_launch_ws/install/py_launch/share/py_launch/package.zsh'
[9.063s] Level 1:colcon.colcon_core.environment:create_file_with_runtime_dependencies(/home/allsparknouvaneonss/Desktop/del_launch_ws/install/py_launch/share/colcon-core/packages/py_launch)
[9.071s] DEBUG:colcon.colcon_core.event_handler.log_command:Invoked command in '/home/allsparknouvaneonss/Desktop/del_launch_ws/src/launch_tutorial' returned '0': PYTHONPATH=/home/allsparknouvaneonss/Desktop/del_launch_ws/build/launch_tutorial/prefix_override:/home/allsparknouvaneonss/Desktop/del_launch_ws/install/launch_tutorial/lib/python3.10/site-packages:${PYTHONPATH} /usr/bin/python3 setup.py egg_info --egg-base ../../build/launch_tutorial build --build-base /home/allsparknouvaneonss/Desktop/del_launch_ws/build/launch_tutorial/build install --record /home/allsparknouvaneonss/Desktop/del_launch_ws/build/launch_tutorial/install.log --single-version-externally-managed
[9.102s] Level 1:colcon.colcon_core.environment:checking '/home/allsparknouvaneonss/Desktop/del_launch_ws/install/launch_tutorial' for CMake module files
[9.102s] Level 1:colcon.colcon_core.environment:checking '/home/allsparknouvaneonss/Desktop/del_launch_ws/install/launch_tutorial' for CMake config files
[9.103s] Level 1:colcon.colcon_core.environment:checking '/home/allsparknouvaneonss/Desktop/del_launch_ws/install/launch_tutorial/lib'
[9.103s] Level 1:colcon.colcon_core.environment:checking '/home/allsparknouvaneonss/Desktop/del_launch_ws/install/launch_tutorial/bin'
[9.103s] Level 1:colcon.colcon_core.environment:checking '/home/allsparknouvaneonss/Desktop/del_launch_ws/install/launch_tutorial/lib/pkgconfig/launch_tutorial.pc'
[9.104s] Level 1:colcon.colcon_core.environment:checking '/home/allsparknouvaneonss/Desktop/del_launch_ws/install/launch_tutorial/lib/python3.10/site-packages'
[9.104s] Level 1:colcon.colcon_core.shell:create_environment_hook('launch_tutorial', 'pythonpath')
[9.138s] INFO:colcon.colcon_core.shell:Creating environment hook '/home/allsparknouvaneonss/Desktop/del_launch_ws/install/launch_tutorial/share/launch_tutorial/hook/pythonpath.ps1'
[9.139s] INFO:colcon.colcon_core.shell:Creating environment descriptor '/home/allsparknouvaneonss/Desktop/del_launch_ws/install/launch_tutorial/share/launch_tutorial/hook/pythonpath.dsv'
[9.140s] INFO:colcon.colcon_core.shell:Creating environment hook '/home/allsparknouvaneonss/Desktop/del_launch_ws/install/launch_tutorial/share/launch_tutorial/hook/pythonpath.sh'
[9.141s] Level 1:colcon.colcon_core.environment:checking '/home/allsparknouvaneonss/Desktop/del_launch_ws/install/launch_tutorial/bin'
[9.141s] Level 1:colcon.colcon_core.environment:create_environment_scripts_only(launch_tutorial)
[9.180s] INFO:colcon.colcon_core.shell:Creating package script '/home/allsparknouvaneonss/Desktop/del_launch_ws/install/launch_tutorial/share/launch_tutorial/package.ps1'
[9.182s] INFO:colcon.colcon_core.shell:Creating package descriptor '/home/allsparknouvaneonss/Desktop/del_launch_ws/install/launch_tutorial/share/launch_tutorial/package.dsv'
[9.183s] INFO:colcon.colcon_core.shell:Creating package script '/home/allsparknouvaneonss/Desktop/del_launch_ws/install/launch_tutorial/share/launch_tutorial/package.sh'
[9.184s] INFO:colcon.colcon_core.shell:Creating package script '/home/allsparknouvaneonss/Desktop/del_launch_ws/install/launch_tutorial/share/launch_tutorial/package.bash'
[9.185s] INFO:colcon.colcon_core.shell:Creating package script '/home/allsparknouvaneonss/Desktop/del_launch_ws/install/launch_tutorial/share/launch_tutorial/package.zsh'
[9.186s] Level 1:colcon.colcon_core.environment:create_file_with_runtime_dependencies(/home/allsparknouvaneonss/Desktop/del_launch_ws/install/launch_tutorial/share/colcon-core/packages/launch_tutorial)
[9.187s] DEBUG:colcon.colcon_parallel_executor.executor.parallel:closing loop
[9.188s] DEBUG:colcon.colcon_parallel_executor.executor.parallel:loop closed
[9.189s] DEBUG:colcon.colcon_parallel_executor.executor.parallel:run_until_complete finished with '0'
[9.189s] DEBUG:colcon.colcon_core.event_reactor:joining thread
[9.296s] INFO:colcon.colcon_core.plugin_system:Skipping extension 'colcon_notification.desktop_notification.terminal_notifier': Not used on non-Darwin systems
[9.299s] INFO:colcon.colcon_core.plugin_system:Skipping extension 'colcon_notification.desktop_notification.win32': Not used on non-Windows systems
[9.299s] INFO:colcon.colcon_notification.desktop_notification:Sending desktop notification using 'notify2'
[9.357s] DEBUG:colcon.colcon_core.event_reactor:joined thread
[9.403s] INFO:colcon.colcon_core.shell:Creating prefix script '/home/allsparknouvaneonss/Desktop/del_launch_ws/install/local_setup.ps1'
[9.417s] INFO:colcon.colcon_core.shell:Creating prefix util module '/home/allsparknouvaneonss/Desktop/del_launch_ws/install/_local_setup_util_ps1.py'
[9.455s] INFO:colcon.colcon_core.shell:Creating prefix chain script '/home/allsparknouvaneonss/Desktop/del_launch_ws/install/setup.ps1'
[9.499s] INFO:colcon.colcon_core.shell:Creating prefix script '/home/allsparknouvaneonss/Desktop/del_launch_ws/install/local_setup.sh'
[9.501s] INFO:colcon.colcon_core.shell:Creating prefix util module '/home/allsparknouvaneonss/Desktop/del_launch_ws/install/_local_setup_util_sh.py'
[9.502s] INFO:colcon.colcon_core.shell:Creating prefix chain script '/home/allsparknouvaneonss/Desktop/del_launch_ws/install/setup.sh'
[9.556s] INFO:colcon.colcon_core.shell:Creating prefix script '/home/allsparknouvaneonss/Desktop/del_launch_ws/install/local_setup.bash'
[9.574s] INFO:colcon.colcon_core.shell:Creating prefix chain script '/home/allsparknouvaneonss/Desktop/del_launch_ws/install/setup.bash'
[9.603s] INFO:colcon.colcon_core.shell:Creating prefix script '/home/allsparknouvaneonss/Desktop/del_launch_ws/install/local_setup.zsh'
[9.617s] INFO:colcon.colcon_core.shell:Creating prefix chain script '/home/allsparknouvaneonss/Desktop/del_launch_ws/install/setup.zsh'
