[1.786s] DEBUG:colcon:Command line arguments: ['/usr/bin/colcon', 'build']
[1.786s] DEBUG:colcon:Parsed command line arguments: Namespace(log_base=None, log_level=None, verb_name='build', build_base='build', install_base='install', merge_install=False, symlink_install=False, test_result_base=None, continue_on_error=False, executor='parallel', parallel_workers=2, event_handlers=None, ignore_user_meta=False, metas=['./colcon.meta'], base_paths=['.'], packages_ignore=None, packages_ignore_regex=None, paths=None, packages_up_to=None, packages_up_to_regex=None, packages_above=None, packages_above_and_dependencies=None, packages_above_depth=None, packages_select_by_dep=None, packages_skip_by_dep=None, packages_skip_up_to=None, packages_select_build_failed=False, packages_skip_build_finished=False, packages_select_test_failures=False, packages_skip_test_passed=False, packages_select=None, packages_skip=None, packages_select_regex=None, packages_skip_regex=None, packages_start=None, packages_end=None, allow_overriding=[], cmake_args=None, cmake_target=None, cmake_target_skip_unavailable=False, cmake_clean_cache=False, cmake_clean_first=False, cmake_force_configure=False, ament_cmake_args=None, catkin_cmake_args=None, catkin_skip_building_tests=False, verb_parser=<colcon_defaults.argument_parser.defaults.DefaultArgumentsDecorator object at 0x7f91109d5450>, verb_extension=<colcon_core.verb.build.BuildVerb object at 0x7f9110c52f50>, main=<bound method BuildVerb.main of <colcon_core.verb.build.BuildVerb object at 0x7f9110c52f50>>)
[1.868s] Level 1:colcon.colcon_core.package_discovery:discover_packages(colcon_meta) check parameters
[1.868s] Level 1:colcon.colcon_core.package_discovery:discover_packages(recursive) check parameters
[1.868s] Level 1:colcon.colcon_core.package_discovery:discover_packages(ignore) check parameters
[1.868s] Level 1:colcon.colcon_core.package_discovery:discover_packages(path) check parameters
[1.868s] Level 1:colcon.colcon_core.package_discovery:discover_packages(colcon_meta) discover
[1.868s] Level 1:colcon.colcon_core.package_discovery:discover_packages(recursive) discover
[1.868s] INFO:colcon.colcon_core.package_discovery:Crawling recursively for packages in '/home/allsparknouvaneonss/Desktop/del_launch_ws'
[1.868s] Level 1:colcon.colcon_core.package_identification:_identify(.) by extensions ['ignore', 'ignore_ament_install']
[1.869s] Level 1:colcon.colcon_core.package_identification:_identify(.) by extension 'ignore'
[1.869s] Level 1:colcon.colcon_core.package_identification:_identify(.) by extension 'ignore_ament_install'
[1.869s] Level 1:colcon.colcon_core.package_identification:_identify(.) by extensions ['colcon_pkg']
[1.869s] Level 1:colcon.colcon_core.package_identification:_identify(.) by extension 'colcon_pkg'
[1.869s] Level 1:colcon.colcon_core.package_identification:_identify(.) by extensions ['colcon_meta']
[1.869s] Level 1:colcon.colcon_core.package_identification:_identify(.) by extension 'colcon_meta'
[1.869s] Level 1:colcon.colcon_core.package_identification:_identify(.) by extensions ['ros']
[1.869s] Level 1:colcon.colcon_core.package_identification:_identify(.) by extension 'ros'
[1.892s] Level 1:colcon.colcon_core.package_identification:_identify(.) by extensions ['cmake', 'python']
[1.892s] Level 1:colcon.colcon_core.package_identification:_identify(.) by extension 'cmake'
[1.892s] Level 1:colcon.colcon_core.package_identification:_identify(.) by extension 'python'
[1.892s] Level 1:colcon.colcon_core.package_identification:_identify(.) by extensions ['python_setup_py']
[1.892s] Level 1:colcon.colcon_core.package_identification:_identify(.) by extension 'python_setup_py'
[1.892s] Level 1:colcon.colcon_core.package_identification:_identify(build) by extensions ['ignore', 'ignore_ament_install']
[1.892s] Level 1:colcon.colcon_core.package_identification:_identify(build) by extension 'ignore'
[1.893s] Level 1:colcon.colcon_core.package_identification:_identify(build) ignored
[1.893s] Level 1:colcon.colcon_core.package_identification:_identify(install) by extensions ['ignore', 'ignore_ament_install']
[1.893s] Level 1:colcon.colcon_core.package_identification:_identify(install) by extension 'ignore'
[1.893s] Level 1:colcon.colcon_core.package_identification:_identify(install) ignored
[1.893s] Level 1:colcon.colcon_core.package_identification:_identify(log) by extensions ['ignore', 'ignore_ament_install']
[1.893s] Level 1:colcon.colcon_core.package_identification:_identify(log) by extension 'ignore'
[1.893s] Level 1:colcon.colcon_core.package_identification:_identify(log) ignored
[1.893s] Level 1:colcon.colcon_core.package_identification:_identify(src) by extensions ['ignore', 'ignore_ament_install']
[1.893s] Level 1:colcon.colcon_core.package_identification:_identify(src) by extension 'ignore'
[1.894s] Level 1:colcon.colcon_core.package_identification:_identify(src) by extension 'ignore_ament_install'
[1.894s] Level 1:colcon.colcon_core.package_identification:_identify(src) by extensions ['colcon_pkg']
[1.894s] Level 1:colcon.colcon_core.package_identification:_identify(src) by extension 'colcon_pkg'
[1.894s] Level 1:colcon.colcon_core.package_identification:_identify(src) by extensions ['colcon_meta']
[1.894s] Level 1:colcon.colcon_core.package_identification:_identify(src) by extension 'colcon_meta'
[1.894s] Level 1:colcon.colcon_core.package_identification:_identify(src) by extensions ['ros']
[1.894s] Level 1:colcon.colcon_core.package_identification:_identify(src) by extension 'ros'
[1.894s] Level 1:colcon.colcon_core.package_identification:_identify(src) by extensions ['cmake', 'python']
[1.894s] Level 1:colcon.colcon_core.package_identification:_identify(src) by extension 'cmake'
[1.894s] Level 1:colcon.colcon_core.package_identification:_identify(src) by extension 'python'
[1.894s] Level 1:colcon.colcon_core.package_identification:_identify(src) by extensions ['python_setup_py']
[1.894s] Level 1:colcon.colcon_core.package_identification:_identify(src) by extension 'python_setup_py'
[1.894s] Level 1:colcon.colcon_core.package_identification:_identify(src/c_launch) by extensions ['ignore', 'ignore_ament_install']
[1.895s] Level 1:colcon.colcon_core.package_identification:_identify(src/c_launch) by extension 'ignore'
[1.895s] Level 1:colcon.colcon_core.package_identification:_identify(src/c_launch) by extension 'ignore_ament_install'
[1.895s] Level 1:colcon.colcon_core.package_identification:_identify(src/c_launch) by extensions ['colcon_pkg']
[1.895s] Level 1:colcon.colcon_core.package_identification:_identify(src/c_launch) by extension 'colcon_pkg'
[1.895s] Level 1:colcon.colcon_core.package_identification:_identify(src/c_launch) by extensions ['colcon_meta']
[1.895s] Level 1:colcon.colcon_core.package_identification:_identify(src/c_launch) by extension 'colcon_meta'
[1.895s] Level 1:colcon.colcon_core.package_identification:_identify(src/c_launch) by extensions ['ros']
[1.895s] Level 1:colcon.colcon_core.package_identification:_identify(src/c_launch) by extension 'ros'
[1.899s] DEBUG:colcon.colcon_core.package_identification:Package 'src/c_launch' with type 'ros.ament_cmake' and name 'c_launch'
[1.900s] Level 1:colcon.colcon_core.package_identification:_identify(src/launch_tutorial) by extensions ['ignore', 'ignore_ament_install']
[1.900s] Level 1:colcon.colcon_core.package_identification:_identify(src/launch_tutorial) by extension 'ignore'
[1.900s] Level 1:colcon.colcon_core.package_identification:_identify(src/launch_tutorial) by extension 'ignore_ament_install'
[1.900s] Level 1:colcon.colcon_core.package_identification:_identify(src/launch_tutorial) by extensions ['colcon_pkg']
[1.900s] Level 1:colcon.colcon_core.package_identification:_identify(src/launch_tutorial) by extension 'colcon_pkg'
[1.900s] Level 1:colcon.colcon_core.package_identification:_identify(src/launch_tutorial) by extensions ['colcon_meta']
[1.900s] Level 1:colcon.colcon_core.package_identification:_identify(src/launch_tutorial) by extension 'colcon_meta'
[1.900s] Level 1:colcon.colcon_core.package_identification:_identify(src/launch_tutorial) by extensions ['ros']
[1.900s] Level 1:colcon.colcon_core.package_identification:_identify(src/launch_tutorial) by extension 'ros'
[1.902s] DEBUG:colcon.colcon_core.package_identification:Package 'src/launch_tutorial' with type 'ros.ament_python' and name 'launch_tutorial'
[1.902s] Level 1:colcon.colcon_core.package_identification:_identify(src/py_launch) by extensions ['ignore', 'ignore_ament_install']
[1.902s] Level 1:colcon.colcon_core.package_identification:_identify(src/py_launch) by extension 'ignore'
[1.902s] Level 1:colcon.colcon_core.package_identification:_identify(src/py_launch) by extension 'ignore_ament_install'
[1.902s] Level 1:colcon.colcon_core.package_identification:_identify(src/py_launch) by extensions ['colcon_pkg']
[1.902s] Level 1:colcon.colcon_core.package_identification:_identify(src/py_launch) by extension 'colcon_pkg'
[1.903s] Level 1:colcon.colcon_core.package_identification:_identify(src/py_launch) by extensions ['colcon_meta']
[1.903s] Level 1:colcon.colcon_core.package_identification:_identify(src/py_launch) by extension 'colcon_meta'
[1.903s] Level 1:colcon.colcon_core.package_identification:_identify(src/py_launch) by extensions ['ros']
[1.903s] Level 1:colcon.colcon_core.package_identification:_identify(src/py_launch) by extension 'ros'
[1.904s] DEBUG:colcon.colcon_core.package_identification:Package 'src/py_launch' with type 'ros.ament_python' and name 'py_launch'
[1.904s] Level 1:colcon.colcon_core.package_discovery:discover_packages(recursive) using defaults
[1.904s] Level 1:colcon.colcon_core.package_discovery:discover_packages(ignore) discover
[1.904s] Level 1:colcon.colcon_core.package_discovery:discover_packages(ignore) using defaults
[1.904s] Level 1:colcon.colcon_core.package_discovery:discover_packages(path) discover
[1.904s] Level 1:colcon.colcon_core.package_discovery:discover_packages(path) using defaults
[2.064s] Level 1:colcon.colcon_core.package_discovery:discover_packages(prefix_path) check parameters
[2.065s] Level 1:colcon.colcon_core.package_discovery:discover_packages(prefix_path) discover
[2.119s] DEBUG:colcon.colcon_installed_package_information.package_discovery:Found 3 installed packages in /home/allsparknouvaneonss/Desktop/del_launch_ws/install
[2.146s] DEBUG:colcon.colcon_installed_package_information.package_discovery:Found 270 installed packages in /opt/ros/humble
[2.149s] Level 1:colcon.colcon_core.package_discovery:discover_packages(prefix_path) using defaults
[2.334s] Level 5:colcon.colcon_core.verb:set package 'c_launch' build argument 'cmake_args' from command line to 'None'
[2.334s] Level 5:colcon.colcon_core.verb:set package 'c_launch' build argument 'cmake_target' from command line to 'None'
[2.334s] Level 5:colcon.colcon_core.verb:set package 'c_launch' build argument 'cmake_target_skip_unavailable' from command line to 'False'
[2.334s] Level 5:colcon.colcon_core.verb:set package 'c_launch' build argument 'cmake_clean_cache' from command line to 'False'
[2.335s] Level 5:colcon.colcon_core.verb:set package 'c_launch' build argument 'cmake_clean_first' from command line to 'False'
[2.335s] Level 5:colcon.colcon_core.verb:set package 'c_launch' build argument 'cmake_force_configure' from command line to 'False'
[2.335s] Level 5:colcon.colcon_core.verb:set package 'c_launch' build argument 'ament_cmake_args' from command line to 'None'
[2.335s] Level 5:colcon.colcon_core.verb:set package 'c_launch' build argument 'catkin_cmake_args' from command line to 'None'
[2.335s] Level 5:colcon.colcon_core.verb:set package 'c_launch' build argument 'catkin_skip_building_tests' from command line to 'False'
[2.335s] DEBUG:colcon.colcon_core.verb:Building package 'c_launch' with the following arguments: {'ament_cmake_args': None, 'build_base': '/home/allsparknouvaneonss/Desktop/del_launch_ws/build/c_launch', 'catkin_cmake_args': None, 'catkin_skip_building_tests': False, 'cmake_args': None, 'cmake_clean_cache': False, 'cmake_clean_first': False, 'cmake_force_configure': False, 'cmake_target': None, 'cmake_target_skip_unavailable': False, 'install_base': '/home/allsparknouvaneonss/Desktop/del_launch_ws/install/c_launch', 'merge_install': False, 'path': '/home/allsparknouvaneonss/Desktop/del_launch_ws/src/c_launch', 'symlink_install': False, 'test_result_base': None}
[2.360s] Level 5:colcon.colcon_core.verb:set package 'launch_tutorial' build argument 'cmake_args' from command line to 'None'
[2.360s] Level 5:colcon.colcon_core.verb:set package 'launch_tutorial' build argument 'cmake_target' from command line to 'None'
[2.360s] Level 5:colcon.colcon_core.verb:set package 'launch_tutorial' build argument 'cmake_target_skip_unavailable' from command line to 'False'
[2.360s] Level 5:colcon.colcon_core.verb:set package 'launch_tutorial' build argument 'cmake_clean_cache' from command line to 'False'
[2.360s] Level 5:colcon.colcon_core.verb:set package 'launch_tutorial' build argument 'cmake_clean_first' from command line to 'False'
[2.360s] Level 5:colcon.colcon_core.verb:set package 'launch_tutorial' build argument 'cmake_force_configure' from command line to 'False'
[2.360s] Level 5:colcon.colcon_core.verb:set package 'launch_tutorial' build argument 'ament_cmake_args' from command line to 'None'
[2.360s] Level 5:colcon.colcon_core.verb:set package 'launch_tutorial' build argument 'catkin_cmake_args' from command line to 'None'
[2.360s] Level 5:colcon.colcon_core.verb:set package 'launch_tutorial' build argument 'catkin_skip_building_tests' from command line to 'False'
[2.360s] DEBUG:colcon.colcon_core.verb:Building package 'launch_tutorial' with the following arguments: {'ament_cmake_args': None, 'build_base': '/home/allsparknouvaneonss/Desktop/del_launch_ws/build/launch_tutorial', 'catkin_cmake_args': None, 'catkin_skip_building_tests': False, 'cmake_args': None, 'cmake_clean_cache': False, 'cmake_clean_first': False, 'cmake_force_configure': False, 'cmake_target': None, 'cmake_target_skip_unavailable': False, 'install_base': '/home/allsparknouvaneonss/Desktop/del_launch_ws/install/launch_tutorial', 'merge_install': False, 'path': '/home/allsparknouvaneonss/Desktop/del_launch_ws/src/launch_tutorial', 'symlink_install': False, 'test_result_base': None}
[2.385s] Level 5:colcon.colcon_core.verb:set package 'py_launch' build argument 'cmake_args' from command line to 'None'
[2.386s] Level 5:colcon.colcon_core.verb:set package 'py_launch' build argument 'cmake_target' from command line to 'None'
[2.386s] Level 5:colcon.colcon_core.verb:set package 'py_launch' build argument 'cmake_target_skip_unavailable' from command line to 'False'
[2.386s] Level 5:colcon.colcon_core.verb:set package 'py_launch' build argument 'cmake_clean_cache' from command line to 'False'
[2.386s] Level 5:colcon.colcon_core.verb:set package 'py_launch' build argument 'cmake_clean_first' from command line to 'False'
[2.386s] Level 5:colcon.colcon_core.verb:set package 'py_launch' build argument 'cmake_force_configure' from command line to 'False'
[2.386s] Level 5:colcon.colcon_core.verb:set package 'py_launch' build argument 'ament_cmake_args' from command line to 'None'
[2.386s] Level 5:colcon.colcon_core.verb:set package 'py_launch' build argument 'catkin_cmake_args' from command line to 'None'
[2.386s] Level 5:colcon.colcon_core.verb:set package 'py_launch' build argument 'catkin_skip_building_tests' from command line to 'False'
[2.386s] DEBUG:colcon.colcon_core.verb:Building package 'py_launch' with the following arguments: {'ament_cmake_args': None, 'build_base': '/home/allsparknouvaneonss/Desktop/del_launch_ws/build/py_launch', 'catkin_cmake_args': None, 'catkin_skip_building_tests': False, 'cmake_args': None, 'cmake_clean_cache': False, 'cmake_clean_first': False, 'cmake_force_configure': False, 'cmake_target': None, 'cmake_target_skip_unavailable': False, 'install_base': '/home/allsparknouvaneonss/Desktop/del_launch_ws/install/py_launch', 'merge_install': False, 'path': '/home/allsparknouvaneonss/Desktop/del_launch_ws/src/py_launch', 'symlink_install': False, 'test_result_base': None}
[2.411s] INFO:colcon.colcon_core.executor:Executing jobs using 'parallel' executor
[2.440s] DEBUG:colcon.colcon_parallel_executor.executor.parallel:run_until_complete
[2.441s] INFO:colcon.colcon_ros.task.ament_cmake.build:Building ROS package in '/home/allsparknouvaneonss/Desktop/del_launch_ws/src/c_launch' with build type 'ament_cmake'
[2.441s] INFO:colcon.colcon_cmake.task.cmake.build:Building CMake package in '/home/allsparknouvaneonss/Desktop/del_launch_ws/src/c_launch'
[2.487s] INFO:colcon.colcon_core.plugin_system:Skipping extension 'colcon_core.shell.bat': Not used on non-Windows systems
[2.488s] INFO:colcon.colcon_core.shell:Skip shell extension 'powershell' for command environment: Not usable outside of PowerShell
[2.488s] DEBUG:colcon.colcon_core.shell:Skip shell extension 'dsv' for command environment
[2.598s] INFO:colcon.colcon_ros.task.ament_python.build:Building ROS package in '/home/allsparknouvaneonss/Desktop/del_launch_ws/src/launch_tutorial' with build type 'ament_python'
[2.598s] Level 1:colcon.colcon_core.shell:create_environment_hook('launch_tutorial', 'ament_prefix_path')
[2.634s] INFO:colcon.colcon_core.shell:Creating environment hook '/home/allsparknouvaneonss/Desktop/del_launch_ws/install/launch_tutorial/share/launch_tutorial/hook/ament_prefix_path.ps1'
[2.636s] INFO:colcon.colcon_core.shell:Creating environment descriptor '/home/allsparknouvaneonss/Desktop/del_launch_ws/install/launch_tutorial/share/launch_tutorial/hook/ament_prefix_path.dsv'
[2.636s] INFO:colcon.colcon_core.shell:Creating environment hook '/home/allsparknouvaneonss/Desktop/del_launch_ws/install/launch_tutorial/share/launch_tutorial/hook/ament_prefix_path.sh'
[2.669s] INFO:colcon.colcon_core.shell:Skip shell extension 'powershell' for command environment: Not usable outside of PowerShell
[2.670s] DEBUG:colcon.colcon_core.shell:Skip shell extension 'dsv' for command environment
[2.827s] DEBUG:colcon.colcon_core.event_handler.log_command:Invoking command in '/home/allsparknouvaneonss/Desktop/del_launch_ws/build/c_launch': CMAKE_PREFIX_PATH=${CMAKE_PREFIX_PATH}:/home/allsparknouvaneonss/Desktop/del_launch_ws/install/py_launch:/home/allsparknouvaneonss/Desktop/del_launch_ws/install/launch_tutorial:/opt/ros/humble /usr/bin/cmake --build /home/allsparknouvaneonss/Desktop/del_launch_ws/build/c_launch -- -j2 -l2
[3.698s] INFO:colcon.colcon_core.task.python.build:Building Python package in '/home/allsparknouvaneonss/Desktop/del_launch_ws/src/launch_tutorial'
[3.725s] INFO:colcon.colcon_core.shell:Skip shell extension 'powershell' for command environment: Not usable outside of PowerShell
[3.726s] DEBUG:colcon.colcon_core.shell:Skip shell extension 'dsv' for command environment
[3.820s] DEBUG:colcon.colcon_core.event_handler.log_command:Invoked command in '/home/allsparknouvaneonss/Desktop/del_launch_ws/build/c_launch' returned '0': CMAKE_PREFIX_PATH=${CMAKE_PREFIX_PATH}:/home/allsparknouvaneonss/Desktop/del_launch_ws/install/py_launch:/home/allsparknouvaneonss/Desktop/del_launch_ws/install/launch_tutorial:/opt/ros/humble /usr/bin/cmake --build /home/allsparknouvaneonss/Desktop/del_launch_ws/build/c_launch -- -j2 -l2
[3.881s] DEBUG:colcon.colcon_core.event_handler.log_command:Invoking command in '/home/allsparknouvaneonss/Desktop/del_launch_ws/build/c_launch': CMAKE_PREFIX_PATH=${CMAKE_PREFIX_PATH}:/home/allsparknouvaneonss/Desktop/del_launch_ws/install/py_launch:/home/allsparknouvaneonss/Desktop/del_launch_ws/install/launch_tutorial:/opt/ros/humble /usr/bin/cmake --install /home/allsparknouvaneonss/Desktop/del_launch_ws/build/c_launch
[3.899s] Level 1:colcon.colcon_core.environment:create_environment_scripts_only(c_launch)
[3.911s] DEBUG:colcon.colcon_core.event_handler.log_command:Invoked command in '/home/allsparknouvaneonss/Desktop/del_launch_ws/build/c_launch' returned '0': CMAKE_PREFIX_PATH=${CMAKE_PREFIX_PATH}:/home/allsparknouvaneonss/Desktop/del_launch_ws/install/py_launch:/home/allsparknouvaneonss/Desktop/del_launch_ws/install/launch_tutorial:/opt/ros/humble /usr/bin/cmake --install /home/allsparknouvaneonss/Desktop/del_launch_ws/build/c_launch
[3.944s] Level 1:colcon.colcon_core.environment:checking '/home/allsparknouvaneonss/Desktop/del_launch_ws/install/c_launch' for CMake module files
[3.945s] Level 1:colcon.colcon_core.environment:checking '/home/allsparknouvaneonss/Desktop/del_launch_ws/install/c_launch' for CMake config files
[3.945s] Level 1:colcon.colcon_core.shell:create_environment_hook('c_launch', 'cmake_prefix_path')
[4.002s] INFO:colcon.colcon_core.shell:Creating environment hook '/home/allsparknouvaneonss/Desktop/del_launch_ws/install/c_launch/share/c_launch/hook/cmake_prefix_path.ps1'
[4.004s] INFO:colcon.colcon_core.shell:Creating environment descriptor '/home/allsparknouvaneonss/Desktop/del_launch_ws/install/c_launch/share/c_launch/hook/cmake_prefix_path.dsv'
[4.005s] INFO:colcon.colcon_core.shell:Creating environment hook '/home/allsparknouvaneonss/Desktop/del_launch_ws/install/c_launch/share/c_launch/hook/cmake_prefix_path.sh'
[4.007s] Level 1:colcon.colcon_core.environment:checking '/home/allsparknouvaneonss/Desktop/del_launch_ws/install/c_launch/bin'
[4.007s] Level 1:colcon.colcon_core.environment:checking '/home/allsparknouvaneonss/Desktop/del_launch_ws/install/c_launch/lib/pkgconfig/c_launch.pc'
[4.008s] Level 1:colcon.colcon_core.environment:checking '/home/allsparknouvaneonss/Desktop/del_launch_ws/install/c_launch/lib/python3.10/site-packages'
[4.008s] Level 1:colcon.colcon_core.environment:checking '/home/allsparknouvaneonss/Desktop/del_launch_ws/install/c_launch/bin'
[4.036s] INFO:colcon.colcon_core.shell:Creating package script '/home/allsparknouvaneonss/Desktop/del_launch_ws/install/c_launch/share/c_launch/package.ps1'
[4.038s] INFO:colcon.colcon_core.shell:Creating package descriptor '/home/allsparknouvaneonss/Desktop/del_launch_ws/install/c_launch/share/c_launch/package.dsv'
[4.040s] INFO:colcon.colcon_core.shell:Creating package script '/home/allsparknouvaneonss/Desktop/del_launch_ws/install/c_launch/share/c_launch/package.sh'
[4.042s] INFO:colcon.colcon_core.shell:Creating package script '/home/allsparknouvaneonss/Desktop/del_launch_ws/install/c_launch/share/c_launch/package.bash'
[4.044s] INFO:colcon.colcon_core.shell:Creating package script '/home/allsparknouvaneonss/Desktop/del_launch_ws/install/c_launch/share/c_launch/package.zsh'
[4.045s] Level 1:colcon.colcon_core.environment:create_file_with_runtime_dependencies(/home/allsparknouvaneonss/Desktop/del_launch_ws/install/c_launch/share/colcon-core/packages/c_launch)
[4.118s] Level 1:colcon.colcon_core.environment:create_environment_scripts_only(c_launch)
[4.146s] Level 1:colcon.colcon_core.environment:checking '/home/allsparknouvaneonss/Desktop/del_launch_ws/install/c_launch' for CMake module files
[4.147s] Level 1:colcon.colcon_core.environment:checking '/home/allsparknouvaneonss/Desktop/del_launch_ws/install/c_launch' for CMake config files
[4.147s] Level 1:colcon.colcon_core.shell:create_environment_hook('c_launch', 'cmake_prefix_path')
[4.183s] INFO:colcon.colcon_core.shell:Creating environment hook '/home/allsparknouvaneonss/Desktop/del_launch_ws/install/c_launch/share/c_launch/hook/cmake_prefix_path.ps1'
[4.186s] INFO:colcon.colcon_core.shell:Creating environment descriptor '/home/allsparknouvaneonss/Desktop/del_launch_ws/install/c_launch/share/c_launch/hook/cmake_prefix_path.dsv'
[4.188s] INFO:colcon.colcon_core.shell:Creating environment hook '/home/allsparknouvaneonss/Desktop/del_launch_ws/install/c_launch/share/c_launch/hook/cmake_prefix_path.sh'
[4.189s] Level 1:colcon.colcon_core.environment:checking '/home/allsparknouvaneonss/Desktop/del_launch_ws/install/c_launch/bin'
[4.190s] Level 1:colcon.colcon_core.environment:checking '/home/allsparknouvaneonss/Desktop/del_launch_ws/install/c_launch/lib/pkgconfig/c_launch.pc'
[4.190s] Level 1:colcon.colcon_core.environment:checking '/home/allsparknouvaneonss/Desktop/del_launch_ws/install/c_launch/lib/python3.10/site-packages'
[4.191s] Level 1:colcon.colcon_core.environment:checking '/home/allsparknouvaneonss/Desktop/del_launch_ws/install/c_launch/bin'
[4.218s] INFO:colcon.colcon_core.shell:Creating package script '/home/allsparknouvaneonss/Desktop/del_launch_ws/install/c_launch/share/c_launch/package.ps1'
[4.220s] INFO:colcon.colcon_core.shell:Creating package descriptor '/home/allsparknouvaneonss/Desktop/del_launch_ws/install/c_launch/share/c_launch/package.dsv'
[4.222s] INFO:colcon.colcon_core.shell:Creating package script '/home/allsparknouvaneonss/Desktop/del_launch_ws/install/c_launch/share/c_launch/package.sh'
[4.223s] INFO:colcon.colcon_core.shell:Creating package script '/home/allsparknouvaneonss/Desktop/del_launch_ws/install/c_launch/share/c_launch/package.bash'
[4.224s] INFO:colcon.colcon_core.shell:Creating package script '/home/allsparknouvaneonss/Desktop/del_launch_ws/install/c_launch/share/c_launch/package.zsh'
[4.226s] Level 1:colcon.colcon_core.environment:create_file_with_runtime_dependencies(/home/allsparknouvaneonss/Desktop/del_launch_ws/install/c_launch/share/colcon-core/packages/c_launch)
[4.228s] INFO:colcon.colcon_ros.task.ament_python.build:Building ROS package in '/home/allsparknouvaneonss/Desktop/del_launch_ws/src/py_launch' with build type 'ament_python'
[4.229s] Level 1:colcon.colcon_core.shell:create_environment_hook('py_launch', 'ament_prefix_path')
[4.287s] INFO:colcon.colcon_core.shell:Creating environment hook '/home/allsparknouvaneonss/Desktop/del_launch_ws/install/py_launch/share/py_launch/hook/ament_prefix_path.ps1'
[4.291s] INFO:colcon.colcon_core.shell:Creating environment descriptor '/home/allsparknouvaneonss/Desktop/del_launch_ws/install/py_launch/share/py_launch/hook/ament_prefix_path.dsv'
[4.292s] INFO:colcon.colcon_core.shell:Creating environment hook '/home/allsparknouvaneonss/Desktop/del_launch_ws/install/py_launch/share/py_launch/hook/ament_prefix_path.sh'
[4.320s] INFO:colcon.colcon_core.shell:Skip shell extension 'powershell' for command environment: Not usable outside of PowerShell
[4.320s] DEBUG:colcon.colcon_core.shell:Skip shell extension 'dsv' for command environment
[5.164s] INFO:colcon.colcon_core.task.python.build:Building Python package in '/home/allsparknouvaneonss/Desktop/del_launch_ws/src/py_launch'
[5.197s] INFO:colcon.colcon_core.shell:Skip shell extension 'powershell' for command environment: Not usable outside of PowerShell
[5.197s] DEBUG:colcon.colcon_core.shell:Skip shell extension 'dsv' for command environment
[5.299s] DEBUG:colcon.colcon_core.event_handler.log_command:Invoking command in '/home/allsparknouvaneonss/Desktop/del_launch_ws/src/launch_tutorial': PYTHONPATH=/home/allsparknouvaneonss/Desktop/del_launch_ws/build/launch_tutorial/prefix_override:/home/allsparknouvaneonss/Desktop/del_launch_ws/install/launch_tutorial/lib/python3.10/site-packages:${PYTHONPATH} /usr/bin/python3 setup.py egg_info --egg-base ../../build/launch_tutorial build --build-base /home/allsparknouvaneonss/Desktop/del_launch_ws/build/launch_tutorial/build install --record /home/allsparknouvaneonss/Desktop/del_launch_ws/build/launch_tutorial/install.log --single-version-externally-managed
[6.234s] DEBUG:colcon.colcon_core.event_handler.log_command:Invoked command in '/home/allsparknouvaneonss/Desktop/del_launch_ws/src/launch_tutorial' returned '0': PYTHONPATH=/home/allsparknouvaneonss/Desktop/del_launch_ws/build/launch_tutorial/prefix_override:/home/allsparknouvaneonss/Desktop/del_launch_ws/install/launch_tutorial/lib/python3.10/site-packages:${PYTHONPATH} /usr/bin/python3 setup.py egg_info --egg-base ../../build/launch_tutorial build --build-base /home/allsparknouvaneonss/Desktop/del_launch_ws/build/launch_tutorial/build install --record /home/allsparknouvaneonss/Desktop/del_launch_ws/build/launch_tutorial/install.log --single-version-externally-managed
[6.264s] Level 1:colcon.colcon_core.environment:checking '/home/allsparknouvaneonss/Desktop/del_launch_ws/install/launch_tutorial' for CMake module files
[6.265s] Level 1:colcon.colcon_core.environment:checking '/home/allsparknouvaneonss/Desktop/del_launch_ws/install/launch_tutorial' for CMake config files
[6.266s] Level 1:colcon.colcon_core.environment:checking '/home/allsparknouvaneonss/Desktop/del_launch_ws/install/launch_tutorial/lib'
[6.267s] Level 1:colcon.colcon_core.environment:checking '/home/allsparknouvaneonss/Desktop/del_launch_ws/install/launch_tutorial/bin'
[6.267s] Level 1:colcon.colcon_core.environment:checking '/home/allsparknouvaneonss/Desktop/del_launch_ws/install/launch_tutorial/lib/pkgconfig/launch_tutorial.pc'
[6.268s] Level 1:colcon.colcon_core.environment:checking '/home/allsparknouvaneonss/Desktop/del_launch_ws/install/launch_tutorial/lib/python3.10/site-packages'
[6.268s] Level 1:colcon.colcon_core.shell:create_environment_hook('launch_tutorial', 'pythonpath')
[6.317s] INFO:colcon.colcon_core.shell:Creating environment hook '/home/allsparknouvaneonss/Desktop/del_launch_ws/install/launch_tutorial/share/launch_tutorial/hook/pythonpath.ps1'
[6.318s] INFO:colcon.colcon_core.shell:Creating environment descriptor '/home/allsparknouvaneonss/Desktop/del_launch_ws/install/launch_tutorial/share/launch_tutorial/hook/pythonpath.dsv'
[6.319s] INFO:colcon.colcon_core.shell:Creating environment hook '/home/allsparknouvaneonss/Desktop/del_launch_ws/install/launch_tutorial/share/launch_tutorial/hook/pythonpath.sh'
[6.320s] Level 1:colcon.colcon_core.environment:checking '/home/allsparknouvaneonss/Desktop/del_launch_ws/install/launch_tutorial/bin'
[6.321s] Level 1:colcon.colcon_core.environment:create_environment_scripts_only(launch_tutorial)
[6.347s] INFO:colcon.colcon_core.shell:Creating package script '/home/allsparknouvaneonss/Desktop/del_launch_ws/install/launch_tutorial/share/launch_tutorial/package.ps1'
[6.348s] INFO:colcon.colcon_core.shell:Creating package descriptor '/home/allsparknouvaneonss/Desktop/del_launch_ws/install/launch_tutorial/share/launch_tutorial/package.dsv'
[6.350s] INFO:colcon.colcon_core.shell:Creating package script '/home/allsparknouvaneonss/Desktop/del_launch_ws/install/launch_tutorial/share/launch_tutorial/package.sh'
[6.351s] INFO:colcon.colcon_core.shell:Creating package script '/home/allsparknouvaneonss/Desktop/del_launch_ws/install/launch_tutorial/share/launch_tutorial/package.bash'
[6.351s] INFO:colcon.colcon_core.shell:Creating package script '/home/allsparknouvaneonss/Desktop/del_launch_ws/install/launch_tutorial/share/launch_tutorial/package.zsh'
[6.352s] Level 1:colcon.colcon_core.environment:create_file_with_runtime_dependencies(/home/allsparknouvaneonss/Desktop/del_launch_ws/install/launch_tutorial/share/colcon-core/packages/launch_tutorial)
[6.357s] DEBUG:colcon.colcon_core.event_handler.log_command:Invoking command in '/home/allsparknouvaneonss/Desktop/del_launch_ws/src/py_launch': PYTHONPATH=/home/allsparknouvaneonss/Desktop/del_launch_ws/build/py_launch/prefix_override:/home/allsparknouvaneonss/Desktop/del_launch_ws/install/py_launch/lib/python3.10/site-packages:${PYTHONPATH} /usr/bin/python3 setup.py egg_info --egg-base ../../build/py_launch build --build-base /home/allsparknouvaneonss/Desktop/del_launch_ws/build/py_launch/build install --record /home/allsparknouvaneonss/Desktop/del_launch_ws/build/py_launch/install.log --single-version-externally-managed
[7.098s] DEBUG:colcon.colcon_core.event_handler.log_command:Invoked command in '/home/allsparknouvaneonss/Desktop/del_launch_ws/src/py_launch' returned '0': PYTHONPATH=/home/allsparknouvaneonss/Desktop/del_launch_ws/build/py_launch/prefix_override:/home/allsparknouvaneonss/Desktop/del_launch_ws/install/py_launch/lib/python3.10/site-packages:${PYTHONPATH} /usr/bin/python3 setup.py egg_info --egg-base ../../build/py_launch build --build-base /home/allsparknouvaneonss/Desktop/del_launch_ws/build/py_launch/build install --record /home/allsparknouvaneonss/Desktop/del_launch_ws/build/py_launch/install.log --single-version-externally-managed
[7.123s] Level 1:colcon.colcon_core.environment:checking '/home/allsparknouvaneonss/Desktop/del_launch_ws/install/py_launch' for CMake module files
[7.124s] Level 1:colcon.colcon_core.environment:checking '/home/allsparknouvaneonss/Desktop/del_launch_ws/install/py_launch' for CMake config files
[7.125s] Level 1:colcon.colcon_core.environment:checking '/home/allsparknouvaneonss/Desktop/del_launch_ws/install/py_launch/lib'
[7.125s] Level 1:colcon.colcon_core.environment:checking '/home/allsparknouvaneonss/Desktop/del_launch_ws/install/py_launch/bin'
[7.125s] Level 1:colcon.colcon_core.environment:checking '/home/allsparknouvaneonss/Desktop/del_launch_ws/install/py_launch/lib/pkgconfig/py_launch.pc'
[7.125s] Level 1:colcon.colcon_core.environment:checking '/home/allsparknouvaneonss/Desktop/del_launch_ws/install/py_launch/lib/python3.10/site-packages'
[7.125s] Level 1:colcon.colcon_core.shell:create_environment_hook('py_launch', 'pythonpath')
[7.153s] INFO:colcon.colcon_core.shell:Creating environment hook '/home/allsparknouvaneonss/Desktop/del_launch_ws/install/py_launch/share/py_launch/hook/pythonpath.ps1'
[7.200s] INFO:colcon.colcon_core.shell:Creating environment descriptor '/home/allsparknouvaneonss/Desktop/del_launch_ws/install/py_launch/share/py_launch/hook/pythonpath.dsv'
[7.201s] INFO:colcon.colcon_core.shell:Creating environment hook '/home/allsparknouvaneonss/Desktop/del_launch_ws/install/py_launch/share/py_launch/hook/pythonpath.sh'
[7.202s] Level 1:colcon.colcon_core.environment:checking '/home/allsparknouvaneonss/Desktop/del_launch_ws/install/py_launch/bin'
[7.202s] Level 1:colcon.colcon_core.environment:create_environment_scripts_only(py_launch)
[7.234s] INFO:colcon.colcon_core.shell:Creating package script '/home/allsparknouvaneonss/Desktop/del_launch_ws/install/py_launch/share/py_launch/package.ps1'
[7.235s] INFO:colcon.colcon_core.shell:Creating package descriptor '/home/allsparknouvaneonss/Desktop/del_launch_ws/install/py_launch/share/py_launch/package.dsv'
[7.236s] INFO:colcon.colcon_core.shell:Creating package script '/home/allsparknouvaneonss/Desktop/del_launch_ws/install/py_launch/share/py_launch/package.sh'
[7.236s] INFO:colcon.colcon_core.shell:Creating package script '/home/allsparknouvaneonss/Desktop/del_launch_ws/install/py_launch/share/py_launch/package.bash'
[7.237s] INFO:colcon.colcon_core.shell:Creating package script '/home/allsparknouvaneonss/Desktop/del_launch_ws/install/py_launch/share/py_launch/package.zsh'
[7.238s] Level 1:colcon.colcon_core.environment:create_file_with_runtime_dependencies(/home/allsparknouvaneonss/Desktop/del_launch_ws/install/py_launch/share/colcon-core/packages/py_launch)
[7.240s] DEBUG:colcon.colcon_parallel_executor.executor.parallel:closing loop
[7.240s] DEBUG:colcon.colcon_parallel_executor.executor.parallel:loop closed
[7.240s] DEBUG:colcon.colcon_parallel_executor.executor.parallel:run_until_complete finished with '0'
[7.240s] DEBUG:colcon.colcon_core.event_reactor:joining thread
[7.278s] INFO:colcon.colcon_core.plugin_system:Skipping extension 'colcon_notification.desktop_notification.terminal_notifier': Not used on non-Darwin systems
[7.278s] INFO:colcon.colcon_core.plugin_system:Skipping extension 'colcon_notification.desktop_notification.win32': Not used on non-Windows systems
[7.278s] INFO:colcon.colcon_notification.desktop_notification:Sending desktop notification using 'notify2'
[7.311s] DEBUG:colcon.colcon_core.event_reactor:joined thread
[7.374s] INFO:colcon.colcon_core.shell:Creating prefix script '/home/allsparknouvaneonss/Desktop/del_launch_ws/install/local_setup.ps1'
[7.376s] INFO:colcon.colcon_core.shell:Creating prefix util module '/home/allsparknouvaneonss/Desktop/del_launch_ws/install/_local_setup_util_ps1.py'
[7.381s] INFO:colcon.colcon_core.shell:Creating prefix chain script '/home/allsparknouvaneonss/Desktop/del_launch_ws/install/setup.ps1'
[7.419s] INFO:colcon.colcon_core.shell:Creating prefix script '/home/allsparknouvaneonss/Desktop/del_launch_ws/install/local_setup.sh'
[7.420s] INFO:colcon.colcon_core.shell:Creating prefix util module '/home/allsparknouvaneonss/Desktop/del_launch_ws/install/_local_setup_util_sh.py'
[7.421s] INFO:colcon.colcon_core.shell:Creating prefix chain script '/home/allsparknouvaneonss/Desktop/del_launch_ws/install/setup.sh'
[7.466s] INFO:colcon.colcon_core.shell:Creating prefix script '/home/allsparknouvaneonss/Desktop/del_launch_ws/install/local_setup.bash'
[7.467s] INFO:colcon.colcon_core.shell:Creating prefix chain script '/home/allsparknouvaneonss/Desktop/del_launch_ws/install/setup.bash'
[7.500s] INFO:colcon.colcon_core.shell:Creating prefix script '/home/allsparknouvaneonss/Desktop/del_launch_ws/install/local_setup.zsh'
[7.501s] INFO:colcon.colcon_core.shell:Creating prefix chain script '/home/allsparknouvaneonss/Desktop/del_launch_ws/install/setup.zsh'
