running egg_info
creating ../../build/py_launch/py_launch.egg-info
writing ../../build/py_launch/py_launch.egg-info/PKG-INFO
writing dependency_links to ../../build/py_launch/py_launch.egg-info/dependency_links.txt
writing entry points to ../../build/py_launch/py_launch.egg-info/entry_points.txt
writing requirements to ../../build/py_launch/py_launch.egg-info/requires.txt
writing top-level names to ../../build/py_launch/py_launch.egg-info/top_level.txt
writing manifest file '../../build/py_launch/py_launch.egg-info/SOURCES.txt'
reading manifest file '../../build/py_launch/py_launch.egg-info/SOURCES.txt'
adding license file 'LICENSE'
writing manifest file '../../build/py_launch/py_launch.egg-info/SOURCES.txt'
running build
running build_py
creating /home/allsparknouvaneonss/Desktop/del_launch_ws/build/py_launch/build
creating /home/allsparknouvaneonss/Desktop/del_launch_ws/build/py_launch/build/lib
creating /home/allsparknouvaneonss/Desktop/del_launch_ws/build/py_launch/build/lib/py_launch
copying py_launch/__init__.py -> /home/allsparknouvaneonss/Desktop/del_launch_ws/build/py_launch/build/lib/py_launch
running install
running install_lib
creating /home/allsparknouvaneonss/Desktop/del_launch_ws/install/py_launch/lib/python3.10/site-packages/py_launch
copying /home/allsparknouvaneonss/Desktop/del_launch_ws/build/py_launch/build/lib/py_launch/__init__.py -> /home/allsparknouvaneonss/Desktop/del_launch_ws/install/py_launch/lib/python3.10/site-packages/py_launch
byte-compiling /home/allsparknouvaneonss/Desktop/del_launch_ws/install/py_launch/lib/python3.10/site-packages/py_launch/__init__.py to __init__.cpython-310.pyc
running install_data
creating /home/allsparknouvaneonss/Desktop/del_launch_ws/install/py_launch/share/ament_index
creating /home/allsparknouvaneonss/Desktop/del_launch_ws/install/py_launch/share/ament_index/resource_index
creating /home/allsparknouvaneonss/Desktop/del_launch_ws/install/py_launch/share/ament_index/resource_index/packages
copying resource/py_launch -> /home/allsparknouvaneonss/Desktop/del_launch_ws/install/py_launch/share/ament_index/resource_index/packages
copying package.xml -> /home/allsparknouvaneonss/Desktop/del_launch_ws/install/py_launch/share/py_launch
creating /home/allsparknouvaneonss/Desktop/del_launch_ws/install/py_launch/share/py_launch/launch
running install_egg_info
Copying ../../build/py_launch/py_launch.egg-info to /home/allsparknouvaneonss/Desktop/del_launch_ws/install/py_launch/lib/python3.10/site-packages/py_launch-0.0.0-py3.10.egg-info
running install_scripts
writing list of installed files to '/home/allsparknouvaneonss/Desktop/del_launch_ws/build/py_launch/install.log'
